[debug] [2023-02-22T11:41:13.690Z] ----------------------------------------------------------------------
[debug] [2023-02-22T11:41:13.699Z] Command:       C:\Program Files\nodejs\node.exe C:\Users\Wedi Ggigs\AppData\Roaming\npm\node_modules\firebase-tools\lib\bin\firebase.js emulators:start --only functions
[debug] [2023-02-22T11:41:13.701Z] CLI Version:   11.23.1
[debug] [2023-02-22T11:41:13.702Z] Platform:      win32
[debug] [2023-02-22T11:41:13.702Z] Node Version:  v18.13.0
[debug] [2023-02-22T11:41:13.843Z] Time:          Wed Feb 22 2023 14:41:13 GMT+0300 (East Africa Time)
[debug] [2023-02-22T11:41:13.844Z] ----------------------------------------------------------------------
[debug] 
[debug] [2023-02-22T11:41:14.802Z] > command requires scopes: ["email","openid","https://www.googleapis.com/auth/cloudplatformprojects.readonly","https://www.googleapis.com/auth/firebase","https://www.googleapis.com/auth/cloud-platform"]
[debug] [2023-02-22T11:41:14.804Z] > authorizing via signed-in user (hailegb2021@gmail.com)
[info] i  emulators: Starting emulators: functions {"metadata":{"emulator":{"name":"hub"},"message":"Starting emulators: functions"}}
[debug] [2023-02-22T11:41:14.868Z] [logging] Logging Emulator only supports listening on one address (127.0.0.1). Not listening on ::1
[warn] !  ui: Emulator UI unable to start on port 4000, starting on 4005 instead. {"metadata":{"emulator":{"name":"ui"},"message":"Emulator UI unable to start on port 4000, starting on 4005 instead."}}
[debug] [2023-02-22T11:41:14.881Z] assigned listening specs for emulators {"user":{"hub":[{"address":"127.0.0.1","family":"IPv4","port":4400},{"address":"::1","family":"IPv6","port":4400}],"logging":[{"address":"127.0.0.1","family":"IPv4","port":4500}],"ui":[{"address":"127.0.0.1","family":"IPv4","port":4005},{"address":"::1","family":"IPv6","port":4005}]},"metadata":{"message":"assigned listening specs for emulators"}}
[debug] [2023-02-22T11:41:14.964Z] [hub] writing locator at C:\Users\WEDIGG~1\AppData\Local\Temp\hub-e-clone-6df42.json
[debug] [2023-02-22T11:41:15.290Z] [functions] Functions Emulator only supports listening on one address (127.0.0.1). Not listening on ::1
[debug] [2023-02-22T11:41:15.291Z] [eventarc] Eventarc Emulator only supports listening on one address (127.0.0.1). Not listening on ::1
[debug] [2023-02-22T11:41:15.292Z] late-assigned ports for functions and eventarc emulators {"user":{"hub":[{"address":"127.0.0.1","family":"IPv4","port":4400},{"address":"::1","family":"IPv6","port":4400}],"logging":[{"address":"127.0.0.1","family":"IPv4","port":4500}],"ui":[{"address":"127.0.0.1","family":"IPv4","port":4005},{"address":"::1","family":"IPv6","port":4005}],"functions":[{"address":"127.0.0.1","family":"IPv4","port":5001}],"eventarc":[{"address":"127.0.0.1","family":"IPv4","port":9299}]},"metadata":{"message":"late-assigned ports for functions and eventarc emulators"}}
[warn] !  functions: The following emulators are not running, calls to these services from the Functions emulator will affect production: auth, firestore, database, hosting, pubsub, storage {"metadata":{"emulator":{"name":"functions"},"message":"The following emulators are not running, calls to these services from the Functions emulator will affect production: \u001b[1mauth, firestore, database, hosting, pubsub, storage\u001b[22m"}}
[debug] [2023-02-22T11:41:15.310Z] defaultcredentials: writing to file C:\Users\Wedi Ggigs\AppData\Roaming\firebase\hailegb2021_gmail_com_application_default_credentials.json
[debug] [2023-02-22T11:41:15.439Z] Setting GAC to C:\Users\Wedi Ggigs\AppData\Roaming\firebase\hailegb2021_gmail_com_application_default_credentials.json {"metadata":{"emulator":{"name":"functions"},"message":"Setting GAC to C:\\Users\\Wedi Ggigs\\AppData\\Roaming\\firebase\\hailegb2021_gmail_com_application_default_credentials.json"}}
[debug] [2023-02-22T11:41:15.445Z] >>> [apiv2][query] GET https://firebase.googleapis.com/v1beta1/projects/e-clone-6df42/adminSdkConfig [none]
[debug] [2023-02-22T11:41:17.052Z] <<< [apiv2][status] GET https://firebase.googleapis.com/v1beta1/projects/e-clone-6df42/adminSdkConfig 200
[debug] [2023-02-22T11:41:17.052Z] <<< [apiv2][body] GET https://firebase.googleapis.com/v1beta1/projects/e-clone-6df42/adminSdkConfig {"projectId":"e-clone-6df42","storageBucket":"e-clone-6df42.appspot.com"}
[debug] [2023-02-22T11:41:17.252Z] Ignoring unsupported arg: auto_download {"metadata":{"emulator":{"name":"ui"},"message":"Ignoring unsupported arg: auto_download"}}
[debug] [2023-02-22T11:41:17.253Z] Ignoring unsupported arg: port {"metadata":{"emulator":{"name":"ui"},"message":"Ignoring unsupported arg: port"}}
[debug] [2023-02-22T11:41:17.253Z] Starting Emulator UI with command {"binary":"node","args":["C:\\Users\\Wedi Ggigs\\.cache\\firebase\\emulators\\ui-v1.11.4\\server\\server.js"],"optionalArgs":[],"joinArgs":false} {"metadata":{"emulator":{"name":"ui"},"message":"Starting Emulator UI with command {\"binary\":\"node\",\"args\":[\"C:\\\\Users\\\\Wedi Ggigs\\\\.cache\\\\firebase\\\\emulators\\\\ui-v1.11.4\\\\server\\\\server.js\"],\"optionalArgs\":[],\"joinArgs\":false}"}}
[info] i  ui: Emulator UI logging to ui-debug.log {"metadata":{"emulator":{"name":"ui"},"message":"Emulator UI logging to \u001b[1mui-debug.log\u001b[22m"}}
[debug] [2023-02-22T11:41:18.749Z] Web / API server started at 127.0.0.1:4005
 {"metadata":{"emulator":{"name":"ui"},"message":"Web / API server started at 127.0.0.1:4005\n"}}
[debug] [2023-02-22T11:41:18.750Z] Web / API server started at ::1:4005
 {"metadata":{"emulator":{"name":"ui"},"message":"Web / API server started at ::1:4005\n"}}
[info] i  functions: Watching "E:\amazone-clone\functions" for Cloud Functions... {"metadata":{"emulator":{"name":"functions"},"message":"Watching \"E:\\amazone-clone\\functions\" for Cloud Functions..."}}
[debug] [2023-02-22T11:41:19.014Z] Validating nodejs source
[debug] [2023-02-22T11:41:29.487Z] checkFunctionsSDKVersion was unable to fetch information from NPM Error: spawnSync C:\WINDOWS\system32\cmd.exe ETIMEDOUT
    at Object.spawnSync (node:internal/child_process:1110:20)
    at Object.spawnSync (node:child_process:871:24)
    at Function.spawnSync [as sync] (C:\Users\Wedi Ggigs\AppData\Roaming\npm\node_modules\firebase-tools\node_modules\cross-spawn\index.js:26:23)
    at Object.getLatestSDKVersion (C:\Users\Wedi Ggigs\AppData\Roaming\npm\node_modules\firebase-tools\lib\deploy\functions\runtimes\node\versioning.js:55:25)
    at Object.checkFunctionsSDKVersion (C:\Users\Wedi Ggigs\AppData\Roaming\npm\node_modules\firebase-tools\lib\deploy\functions\runtimes\node\versioning.js:76:32)
    at Delegate.validate (C:\Users\Wedi Ggigs\AppData\Roaming\npm\node_modules\firebase-tools\lib\deploy\functions\runtimes\node\index.js:84:20)
    at FunctionsEmulator.discoverTriggers (C:\Users\Wedi Ggigs\AppData\Roaming\npm\node_modules\firebase-tools\lib\emulator\functionsEmulator.js:291:35)
    at async FunctionsEmulator.loadTriggers (C:\Users\Wedi Ggigs\AppData\Roaming\npm\node_modules\firebase-tools\lib\emulator\functionsEmulator.js:320:34)
    at async FunctionsEmulator.connect (C:\Users\Wedi Ggigs\AppData\Roaming\npm\node_modules\firebase-tools\lib\emulator\functionsEmulator.js:257:13)
    at async Object.startAll (C:\Users\Wedi Ggigs\AppData\Roaming\npm\node_modules\firebase-tools\lib\emulator\controller.js:547:13)
    at async C:\Users\Wedi Ggigs\AppData\Roaming\npm\node_modules\firebase-tools\lib\commands\emulators-start.js:32:43
[debug] [2023-02-22T11:41:29.490Z] > [functions] package.json contents: {
  "name": "functions",
  "description": "Cloud Functions for Firebase",
  "scripts": {
    "lint": "eslint .",
    "serve": "firebase emulators:start --only functions",
    "shell": "firebase functions:shell",
    "start": "npm run shell",
    "deploy": "firebase deploy --only functions",
    "logs": "firebase functions:log"
  },
  "engines": {
    "node": "16"
  },
  "main": "index.js",
  "dependencies": {
    "cors": "^2.8.5",
    "express": "^4.18.2",
    "firebase-admin": "^11.5.0",
    "firebase-functions": "^4.2.1",
    "stripe": "^11.11.0"
  },
  "devDependencies": {
    "eslint": "^8.9.0",
    "eslint-config-google": "^0.14.0",
    "firebase-functions-test": "^0.2.0"
  },
  "private": true
}
[debug] [2023-02-22T11:41:29.491Z] Building nodejs source
[debug] [2023-02-22T11:41:29.493Z] Failed to find version of module node: reached end of search path E:\amazone-clone\functions\node_modules
[warn] !  functions: Your requested "node" version "16" doesn't match your global version "18". Using node@18 from host. 
[debug] [2023-02-22T11:41:29.521Z] Could not find functions.yaml. Must use http discovery
[debug] [2023-02-22T11:41:29.710Z] Found firebase-functions binary at 'E:\amazone-clone\functions\node_modules\.bin\firebase-functions'
[debug] [2023-02-22T11:41:43.284Z] Serving at port 8722

[debug] [2023-02-22T11:41:59.071Z] Got response from /__/functions.yaml {"endpoints":{"api":{"platform":"gcfv1","availableMemoryMb":null,"timeoutSeconds":null,"minInstances":null,"maxInstances":null,"ingressSettings":null,"serviceAccountEmail":null,"vpc":null,"httpsTrigger":{},"entryPoint":"api"}},"specVersion":"v1alpha1","requiredAPIs":[]}
[debug] [2023-02-22T11:41:59.093Z] shutdown requested via /__/quitquitquit

[info] +  functions: Loaded functions definitions from source: api. {"metadata":{"emulator":{"name":"functions"},"message":"Loaded functions definitions from source: api."}}
[info] +  functions[us-central1-api]: http function initialized (http://127.0.0.1:5001/e-clone-6df42/us-central1/api). {"metadata":{"emulator":{"name":"functions"},"message":"\u001b[1mhttp\u001b[22m function initialized (http://127.0.0.1:5001/e-clone-6df42/us-central1/api)."}}
[info] 
┌─────────────────────────────────────────────────────────────┐
│ ✔  All emulators ready! It is now safe to connect your app. │
│ i  View Emulator UI at http://127.0.0.1:4005/               │
└─────────────────────────────────────────────────────────────┘

┌───────────┬────────────────┬─────────────────────────────────┐
│ Emulator  │ Host:Port      │ View in Emulator UI             │
├───────────┼────────────────┼─────────────────────────────────┤
│ Functions │ 127.0.0.1:5001 │ http://127.0.0.1:4005/functions │
└───────────┴────────────────┴─────────────────────────────────┘
  Emulator Hub running at 127.0.0.1:4400
  Other reserved ports: 4500

Issues? Report them at https://github.com/firebase/firebase-tools/issues and attach the *-debug.log files.
 
[debug] [2023-02-22T11:46:12.258Z] [work-queue] {"queuedWork":["/e-clone-6df42/us-central1/api-2023-02-22T11:46:12.258Z"],"queueLength":1,"runningWork":[],"workRunningCount":0}
[debug] [2023-02-22T11:46:12.259Z] [work-queue] {"queuedWork":[],"queueLength":0,"runningWork":["/e-clone-6df42/us-central1/api-2023-02-22T11:46:12.258Z"],"workRunningCount":1}
[debug] [2023-02-22T11:46:12.261Z] Accepted request GET /e-clone-6df42/us-central1/api --> us-central1-api
[debug] [2023-02-22T11:46:12.298Z] [functions] Runtime ready! Sending request! {"metadata":{"emulator":{"name":"functions"},"message":"[functions] Runtime ready! Sending request!"}}
[debug] [2023-02-22T11:46:12.300Z] [functions] Got req.url=/e-clone-6df42/us-central1/api, mapping to path=/ {"metadata":{"emulator":{"name":"functions"},"message":"[functions] Got req.url=/e-clone-6df42/us-central1/api, mapping to path=/"}}
[debug] [2023-02-22T11:46:12.620Z] [worker-pool] addWorker(us-central1-api) {"metadata":{"emulator":{"name":"functions"},"message":"[worker-pool] addWorker(us-central1-api)"}}
[debug] [2023-02-22T11:46:12.641Z] [worker-pool] Adding worker with key us-central1-api, total=1 {"metadata":{"emulator":{"name":"functions"},"message":"[worker-pool] Adding worker with key us-central1-api, total=1"}}
[error] !!  functions: Failed to handle request for function us-central1-api {"metadata":{"emulator":{"name":"functions"},"message":"Failed to handle request for function us-central1-api"}}
[error] !!  functions: Failed to start functions in E:\amazone-clone\functions: FirebaseError: Failed to load function. {"metadata":{"emulator":{"name":"functions"},"message":"Failed to start functions in E:\\amazone-clone\\functions: FirebaseError: Failed to load function."}}
[debug] [2023-02-22T11:46:42.674Z] [work-queue] {"queuedWork":[],"queueLength":0,"runningWork":[],"workRunningCount":0}
[debug] [2023-02-22T11:48:04.328Z] [runtime-status] [7000] Resolved module firebase-admin {"declared":true,"installed":true,"version":"11.5.0","resolution":"E:\\amazone-clone\\functions\\node_modules\\firebase-admin\\lib\\index.js"} {"metadata":{"emulator":{"name":"functions"},"function":{"name":"us-central1-api"},"extension":{},"message":"[runtime-status] [7000] Resolved module firebase-admin {\"declared\":true,\"installed\":true,\"version\":\"11.5.0\",\"resolution\":\"E:\\\\amazone-clone\\\\functions\\\\node_modules\\\\firebase-admin\\\\lib\\\\index.js\"}"}}
[debug] [2023-02-22T11:48:04.436Z] [runtime-status] [7000] Resolved module firebase-functions {"declared":true,"installed":true,"version":"4.2.1","resolution":"E:\\amazone-clone\\functions\\node_modules\\firebase-functions\\lib\\v1\\index.js"} {"metadata":{"emulator":{"name":"functions"},"function":{"name":"us-central1-api"},"extension":{},"message":"[runtime-status] [7000] Resolved module firebase-functions {\"declared\":true,\"installed\":true,\"version\":\"4.2.1\",\"resolution\":\"E:\\\\amazone-clone\\\\functions\\\\node_modules\\\\firebase-functions\\\\lib\\\\v1\\\\index.js\"}"}}
[debug] [2023-02-22T11:48:04.438Z] [runtime-status] [7000] Outgoing network have been stubbed. [{"name":"http","status":"mocked"},{"name":"http","status":"mocked"},{"name":"https","status":"mocked"},{"name":"https","status":"mocked"},{"name":"net","status":"mocked"}] {"metadata":{"emulator":{"name":"functions"},"function":{"name":"us-central1-api"},"extension":{},"message":"[runtime-status] [7000] Outgoing network have been stubbed. [{\"name\":\"http\",\"status\":\"mocked\"},{\"name\":\"http\",\"status\":\"mocked\"},{\"name\":\"https\",\"status\":\"mocked\"},{\"name\":\"https\",\"status\":\"mocked\"},{\"name\":\"net\",\"status\":\"mocked\"}]"}}
[debug] [2023-02-22T11:48:04.443Z] [runtime-status] [7000] Resolved module firebase-functions {"declared":true,"installed":true,"version":"4.2.1","resolution":"E:\\amazone-clone\\functions\\node_modules\\firebase-functions\\lib\\v1\\index.js"} {"metadata":{"emulator":{"name":"functions"},"function":{"name":"us-central1-api"},"extension":{},"message":"[runtime-status] [7000] Resolved module firebase-functions {\"declared\":true,\"installed\":true,\"version\":\"4.2.1\",\"resolution\":\"E:\\\\amazone-clone\\\\functions\\\\node_modules\\\\firebase-functions\\\\lib\\\\v1\\\\index.js\"}"}}
[debug] [2023-02-22T11:48:33.153Z] [runtime-status] [7000] Checked functions.config() {"config":{}} {"metadata":{"emulator":{"name":"functions"},"function":{"name":"us-central1-api"},"extension":{},"message":"[runtime-status] [7000] Checked functions.config() {\"config\":{}}"}}
[debug] [2023-02-22T11:48:33.154Z] [runtime-status] [7000] firebase-functions has been stubbed. {"functionsResolution":{"declared":true,"installed":true,"version":"4.2.1","resolution":"E:\\amazone-clone\\functions\\node_modules\\firebase-functions\\lib\\v1\\index.js"}} {"metadata":{"emulator":{"name":"functions"},"function":{"name":"us-central1-api"},"extension":{},"message":"[runtime-status] [7000] firebase-functions has been stubbed. {\"functionsResolution\":{\"declared\":true,\"installed\":true,\"version\":\"4.2.1\",\"resolution\":\"E:\\\\amazone-clone\\\\functions\\\\node_modules\\\\firebase-functions\\\\lib\\\\v1\\\\index.js\"}}"}}
[debug] [2023-02-22T11:48:33.157Z] [runtime-status] [7000] Resolved module firebase-functions {"declared":true,"installed":true,"version":"4.2.1","resolution":"E:\\amazone-clone\\functions\\node_modules\\firebase-functions\\lib\\v1\\index.js"} {"metadata":{"emulator":{"name":"functions"},"function":{"name":"us-central1-api"},"extension":{},"message":"[runtime-status] [7000] Resolved module firebase-functions {\"declared\":true,\"installed\":true,\"version\":\"4.2.1\",\"resolution\":\"E:\\\\amazone-clone\\\\functions\\\\node_modules\\\\firebase-functions\\\\lib\\\\v1\\\\index.js\"}"}}
[debug] [2023-02-22T11:48:33.163Z] [runtime-status] [7000] Resolved module firebase-admin {"declared":true,"installed":true,"version":"11.5.0","resolution":"E:\\amazone-clone\\functions\\node_modules\\firebase-admin\\lib\\index.js"} {"metadata":{"emulator":{"name":"functions"},"function":{"name":"us-central1-api"},"extension":{},"message":"[runtime-status] [7000] Resolved module firebase-admin {\"declared\":true,\"installed\":true,\"version\":\"11.5.0\",\"resolution\":\"E:\\\\amazone-clone\\\\functions\\\\node_modules\\\\firebase-admin\\\\lib\\\\index.js\"}"}}
[debug] [2023-02-22T11:48:33.411Z] [runtime-status] [7000] Resolved module firebase-functions {"declared":true,"installed":true,"version":"4.2.1","resolution":"E:\\amazone-clone\\functions\\node_modules\\firebase-functions\\lib\\v1\\index.js"} {"metadata":{"emulator":{"name":"functions"},"function":{"name":"us-central1-api"},"extension":{},"message":"[runtime-status] [7000] Resolved module firebase-functions {\"declared\":true,\"installed\":true,\"version\":\"4.2.1\",\"resolution\":\"E:\\\\amazone-clone\\\\functions\\\\node_modules\\\\firebase-functions\\\\lib\\\\v1\\\\index.js\"}"}}
[debug] [2023-02-22T11:48:33.414Z] [runtime-status] [7000] firebase-admin has been stubbed. {"adminResolution":{"declared":true,"installed":true,"version":"11.5.0","resolution":"E:\\amazone-clone\\functions\\node_modules\\firebase-admin\\lib\\index.js"}} {"metadata":{"emulator":{"name":"functions"},"function":{"name":"us-central1-api"},"extension":{},"message":"[runtime-status] [7000] firebase-admin has been stubbed. {\"adminResolution\":{\"declared\":true,\"installed\":true,\"version\":\"11.5.0\",\"resolution\":\"E:\\\\amazone-clone\\\\functions\\\\node_modules\\\\firebase-admin\\\\lib\\\\index.js\"}}"}}
[debug] [2023-02-22T11:48:44.510Z] [runtime-status] [7000] Functions runtime initialized. {"cwd":"E:\\amazone-clone\\functions","node_version":"18.13.0"} {"metadata":{"emulator":{"name":"functions"},"function":{"name":"us-central1-api"},"extension":{},"message":"[runtime-status] [7000] Functions runtime initialized. {\"cwd\":\"E:\\\\amazone-clone\\\\functions\",\"node_version\":\"18.13.0\"}"}}
[debug] [2023-02-22T11:48:44.511Z] [runtime-status] [7000] Listening to port: \\?\pipe\fire_emu_dcc0a1d43d8038f2 {"metadata":{"emulator":{"name":"functions"},"function":{"name":"us-central1-api"},"extension":{},"message":"[runtime-status] [7000] Listening to port: \\\\?\\pipe\\fire_emu_dcc0a1d43d8038f2"}}
[debug] [2023-02-22T12:07:13.969Z] [worker-us-central1-api-9c0cbfef-f2c9-4a0e-8a71-347b7c5b8262]: exited {"metadata":{"emulator":{"name":"functions"},"function":{"name":"us-central1-api"},"extension":{},"message":"[worker-us-central1-api-9c0cbfef-f2c9-4a0e-8a71-347b7c5b8262]: exited"}}
[debug] [2023-02-22T12:07:14.524Z] [worker-us-central1-api-9c0cbfef-f2c9-4a0e-8a71-347b7c5b8262]: FINISHED {"metadata":{"emulator":{"name":"functions"},"function":{"name":"us-central1-api"},"extension":{},"message":"[worker-us-central1-api-9c0cbfef-f2c9-4a0e-8a71-347b7c5b8262]: FINISHED"}}
[debug] [2023-02-22T12:07:16.284Z] Received signal SIGHUP 1
[info]  
[info] i  emulators: Received SIGHUP for the first time. Starting a clean shutdown. 
[info] i  emulators: Please wait for a clean shutdown or send the SIGHUP signal again to stop right now. 
[info] i  emulators: Shutting down emulators. {"metadata":{"emulator":{"name":"hub"},"message":"Shutting down emulators."}}
[info] i  ui: Stopping Emulator UI {"metadata":{"emulator":{"name":"ui"},"message":"Stopping Emulator UI"}}
[debug] [2023-02-22T12:22:11.077Z] ----------------------------------------------------------------------
[debug] [2023-02-22T12:22:11.110Z] Command:       C:\Program Files\nodejs\node.exe C:\Users\Wedi Ggigs\AppData\Roaming\npm\node_modules\firebase-tools\lib\bin\firebase.js emulators:start --only functions
[debug] [2023-02-22T12:22:11.111Z] CLI Version:   11.23.1
[debug] [2023-02-22T12:22:11.113Z] Platform:      win32
[debug] [2023-02-22T12:22:11.113Z] Node Version:  v18.13.0
[debug] [2023-02-22T12:22:11.645Z] Time:          Wed Feb 22 2023 15:22:11 GMT+0300 (East Africa Time)
[debug] [2023-02-22T12:22:11.646Z] ----------------------------------------------------------------------
[debug] 
[debug] [2023-02-22T12:22:15.273Z] > command requires scopes: ["email","openid","https://www.googleapis.com/auth/cloudplatformprojects.readonly","https://www.googleapis.com/auth/firebase","https://www.googleapis.com/auth/cloud-platform"]
[debug] [2023-02-22T12:22:15.275Z] > authorizing via signed-in user (hailegb2021@gmail.com)
[info] i  emulators: Starting emulators: functions {"metadata":{"emulator":{"name":"hub"},"message":"Starting emulators: functions"}}
[debug] [2023-02-22T12:22:15.877Z] [logging] Logging Emulator only supports listening on one address (127.0.0.1). Not listening on ::1
[warn] !  ui: Emulator UI unable to start on port 4000, starting on 4005 instead. {"metadata":{"emulator":{"name":"ui"},"message":"Emulator UI unable to start on port 4000, starting on 4005 instead."}}
[debug] [2023-02-22T12:22:15.891Z] assigned listening specs for emulators {"user":{"hub":[{"address":"127.0.0.1","family":"IPv4","port":4400},{"address":"::1","family":"IPv6","port":4400}],"logging":[{"address":"127.0.0.1","family":"IPv4","port":4500}],"ui":[{"address":"127.0.0.1","family":"IPv4","port":4005},{"address":"::1","family":"IPv6","port":4005}]},"metadata":{"message":"assigned listening specs for emulators"}}
[warn] !  emulators: It seems that you are running multiple instances of the emulator suite for project e-clone-6df42. This may result in unexpected behavior. 
[debug] [2023-02-22T12:22:16.425Z] [hub] writing locator at C:\Users\WEDIGG~1\AppData\Local\Temp\hub-e-clone-6df42.json
[debug] [2023-02-22T12:22:17.051Z] [functions] Functions Emulator only supports listening on one address (127.0.0.1). Not listening on ::1
[debug] [2023-02-22T12:22:17.052Z] [eventarc] Eventarc Emulator only supports listening on one address (127.0.0.1). Not listening on ::1
[debug] [2023-02-22T12:22:17.053Z] late-assigned ports for functions and eventarc emulators {"user":{"hub":[{"address":"127.0.0.1","family":"IPv4","port":4400},{"address":"::1","family":"IPv6","port":4400}],"logging":[{"address":"127.0.0.1","family":"IPv4","port":4500}],"ui":[{"address":"127.0.0.1","family":"IPv4","port":4005},{"address":"::1","family":"IPv6","port":4005}],"functions":[{"address":"127.0.0.1","family":"IPv4","port":5001}],"eventarc":[{"address":"127.0.0.1","family":"IPv4","port":9299}]},"metadata":{"message":"late-assigned ports for functions and eventarc emulators"}}
[warn] !  functions: The following emulators are not running, calls to these services from the Functions emulator will affect production: auth, firestore, database, hosting, pubsub, storage {"metadata":{"emulator":{"name":"functions"},"message":"The following emulators are not running, calls to these services from the Functions emulator will affect production: \u001b[1mauth, firestore, database, hosting, pubsub, storage\u001b[22m"}}
[debug] [2023-02-22T12:22:17.266Z] defaultcredentials: writing to file C:\Users\Wedi Ggigs\AppData\Roaming\firebase\hailegb2021_gmail_com_application_default_credentials.json
[debug] [2023-02-22T12:22:18.334Z] Setting GAC to C:\Users\Wedi Ggigs\AppData\Roaming\firebase\hailegb2021_gmail_com_application_default_credentials.json {"metadata":{"emulator":{"name":"functions"},"message":"Setting GAC to C:\\Users\\Wedi Ggigs\\AppData\\Roaming\\firebase\\hailegb2021_gmail_com_application_default_credentials.json"}}
[debug] [2023-02-22T12:22:18.341Z] > refreshing access token with scopes: []
[debug] [2023-02-22T12:22:18.347Z] >>> [apiv2][query] POST https://www.googleapis.com/oauth2/v3/token [none]
[debug] [2023-02-22T12:22:18.349Z] >>> [apiv2][body] POST https://www.googleapis.com/oauth2/v3/token [omitted]
[debug] [2023-02-22T12:22:21.686Z] <<< [apiv2][status] POST https://www.googleapis.com/oauth2/v3/token 200
[debug] [2023-02-22T12:22:21.686Z] <<< [apiv2][body] POST https://www.googleapis.com/oauth2/v3/token [omitted]
[debug] [2023-02-22T12:22:22.681Z] >>> [apiv2][query] GET https://firebase.googleapis.com/v1beta1/projects/e-clone-6df42/adminSdkConfig [none]
[debug] [2023-02-22T12:22:23.858Z] <<< [apiv2][status] GET https://firebase.googleapis.com/v1beta1/projects/e-clone-6df42/adminSdkConfig 200
[debug] [2023-02-22T12:22:23.859Z] <<< [apiv2][body] GET https://firebase.googleapis.com/v1beta1/projects/e-clone-6df42/adminSdkConfig {"projectId":"e-clone-6df42","storageBucket":"e-clone-6df42.appspot.com"}
[debug] [2023-02-22T12:22:24.240Z] Ignoring unsupported arg: auto_download {"metadata":{"emulator":{"name":"ui"},"message":"Ignoring unsupported arg: auto_download"}}
[debug] [2023-02-22T12:22:24.241Z] Ignoring unsupported arg: port {"metadata":{"emulator":{"name":"ui"},"message":"Ignoring unsupported arg: port"}}
[debug] [2023-02-22T12:22:24.241Z] Starting Emulator UI with command {"binary":"node","args":["C:\\Users\\Wedi Ggigs\\.cache\\firebase\\emulators\\ui-v1.11.4\\server\\server.js"],"optionalArgs":[],"joinArgs":false} {"metadata":{"emulator":{"name":"ui"},"message":"Starting Emulator UI with command {\"binary\":\"node\",\"args\":[\"C:\\\\Users\\\\Wedi Ggigs\\\\.cache\\\\firebase\\\\emulators\\\\ui-v1.11.4\\\\server\\\\server.js\"],\"optionalArgs\":[],\"joinArgs\":false}"}}
[info] i  ui: Emulator UI logging to ui-debug.log {"metadata":{"emulator":{"name":"ui"},"message":"Emulator UI logging to \u001b[1mui-debug.log\u001b[22m"}}
[debug] [2023-02-22T12:22:29.539Z] Web / API server started at 127.0.0.1:4005
 {"metadata":{"emulator":{"name":"ui"},"message":"Web / API server started at 127.0.0.1:4005\n"}}
[debug] [2023-02-22T12:22:29.541Z] Web / API server started at ::1:4005
 {"metadata":{"emulator":{"name":"ui"},"message":"Web / API server started at ::1:4005\n"}}
[info] i  functions: Watching "E:\amazone-clone\functions" for Cloud Functions... {"metadata":{"emulator":{"name":"functions"},"message":"Watching \"E:\\amazone-clone\\functions\" for Cloud Functions..."}}
[debug] [2023-02-22T12:22:30.495Z] Validating nodejs source
[debug] [2023-02-22T12:22:43.045Z] checkFunctionsSDKVersion was unable to fetch information from NPM Error: spawnSync C:\WINDOWS\system32\cmd.exe ETIMEDOUT
    at Object.spawnSync (node:internal/child_process:1110:20)
    at Object.spawnSync (node:child_process:871:24)
    at Function.spawnSync [as sync] (C:\Users\Wedi Ggigs\AppData\Roaming\npm\node_modules\firebase-tools\node_modules\cross-spawn\index.js:26:23)
    at Object.getLatestSDKVersion (C:\Users\Wedi Ggigs\AppData\Roaming\npm\node_modules\firebase-tools\lib\deploy\functions\runtimes\node\versioning.js:55:25)
    at Object.checkFunctionsSDKVersion (C:\Users\Wedi Ggigs\AppData\Roaming\npm\node_modules\firebase-tools\lib\deploy\functions\runtimes\node\versioning.js:76:32)
    at Delegate.validate (C:\Users\Wedi Ggigs\AppData\Roaming\npm\node_modules\firebase-tools\lib\deploy\functions\runtimes\node\index.js:84:20)
    at FunctionsEmulator.discoverTriggers (C:\Users\Wedi Ggigs\AppData\Roaming\npm\node_modules\firebase-tools\lib\emulator\functionsEmulator.js:291:35)
    at async FunctionsEmulator.loadTriggers (C:\Users\Wedi Ggigs\AppData\Roaming\npm\node_modules\firebase-tools\lib\emulator\functionsEmulator.js:320:34)
    at async FunctionsEmulator.connect (C:\Users\Wedi Ggigs\AppData\Roaming\npm\node_modules\firebase-tools\lib\emulator\functionsEmulator.js:257:13)
    at async Object.startAll (C:\Users\Wedi Ggigs\AppData\Roaming\npm\node_modules\firebase-tools\lib\emulator\controller.js:547:13)
    at async C:\Users\Wedi Ggigs\AppData\Roaming\npm\node_modules\firebase-tools\lib\commands\emulators-start.js:32:43
[debug] [2023-02-22T12:22:43.047Z] > [functions] package.json contents: {
  "name": "functions",
  "description": "Cloud Functions for Firebase",
  "scripts": {
    "lint": "eslint .",
    "serve": "firebase emulators:start --only functions",
    "shell": "firebase functions:shell",
    "start": "npm run shell",
    "deploy": "firebase deploy --only functions",
    "logs": "firebase functions:log"
  },
  "engines": {
    "node": "16"
  },
  "main": "index.js",
  "dependencies": {
    "cors": "^2.8.5",
    "express": "^4.18.2",
    "firebase-admin": "^11.5.0",
    "firebase-functions": "^4.2.1",
    "stripe": "^11.11.0"
  },
  "devDependencies": {
    "eslint": "^8.9.0",
    "eslint-config-google": "^0.14.0",
    "firebase-functions-test": "^0.2.0"
  },
  "private": true
}
[debug] [2023-02-22T12:22:43.048Z] Building nodejs source
[debug] [2023-02-22T12:22:43.050Z] Failed to find version of module node: reached end of search path E:\amazone-clone\functions\node_modules
[warn] !  functions: Your requested "node" version "16" doesn't match your global version "18". Using node@18 from host. 
[debug] [2023-02-22T12:22:43.161Z] Could not find functions.yaml. Must use http discovery
[debug] [2023-02-22T12:22:43.206Z] Found firebase-functions binary at 'E:\amazone-clone\functions\node_modules\.bin\firebase-functions'
[error] !!  functions: Failed to load function definition from source: FetchError: request to http://localhost:8024/__/quitquitquit failed, reason: connect ECONNREFUSED ::1:8024 {"metadata":{"emulator":{"name":"functions"},"message":"Failed to load function definition from source: FetchError: request to http://localhost:8024/__/quitquitquit failed, reason: connect ECONNREFUSED ::1:8024"}}
[info] 
┌─────────────────────────────────────────────────────────────┐
│ ✔  All emulators ready! It is now safe to connect your app. │
│ i  View Emulator UI at http://127.0.0.1:4005/               │
└─────────────────────────────────────────────────────────────┘

┌───────────┬────────────────┬─────────────────────────────────┐
│ Emulator  │ Host:Port      │ View in Emulator UI             │
├───────────┼────────────────┼─────────────────────────────────┤
│ Functions │ 127.0.0.1:5001 │ http://127.0.0.1:4005/functions │
└───────────┴────────────────┴─────────────────────────────────┘
  Emulator Hub running at 127.0.0.1:4400
  Other reserved ports: 4500

Issues? Report them at https://github.com/firebase/firebase-tools/issues and attach the *-debug.log files.
 
[debug] [2023-02-22T12:23:21.946Z] Serving at port 8024

[debug] [2023-02-22T12:59:28.513Z] ----------------------------------------------------------------------
[debug] [2023-02-22T12:59:28.520Z] Command:       C:\Program Files\nodejs\node.exe C:\Users\Wedi Ggigs\AppData\Roaming\npm\node_modules\firebase-tools\lib\bin\firebase.js emulators:start --only functions
[debug] [2023-02-22T12:59:28.522Z] CLI Version:   11.23.1
[debug] [2023-02-22T12:59:28.522Z] Platform:      win32
[debug] [2023-02-22T12:59:28.523Z] Node Version:  v18.13.0
[debug] [2023-02-22T12:59:28.761Z] Time:          Wed Feb 22 2023 15:59:28 GMT+0300 (East Africa Time)
[debug] [2023-02-22T12:59:28.762Z] ----------------------------------------------------------------------
[debug] 
[debug] [2023-02-22T12:59:29.815Z] > command requires scopes: ["email","openid","https://www.googleapis.com/auth/cloudplatformprojects.readonly","https://www.googleapis.com/auth/firebase","https://www.googleapis.com/auth/cloud-platform"]
[debug] [2023-02-22T12:59:29.816Z] > authorizing via signed-in user (hailegb2021@gmail.com)
[info] i  emulators: Starting emulators: functions {"metadata":{"emulator":{"name":"hub"},"message":"Starting emulators: functions"}}
[debug] [2023-02-22T12:59:30.213Z] [logging] Logging Emulator only supports listening on one address (127.0.0.1). Not listening on ::1
[warn] !  ui: Emulator UI unable to start on port 4000, starting on 4006 instead. {"metadata":{"emulator":{"name":"ui"},"message":"Emulator UI unable to start on port 4000, starting on 4006 instead."}}
[debug] [2023-02-22T12:59:30.230Z] assigned listening specs for emulators {"user":{"hub":[{"address":"127.0.0.1","family":"IPv4","port":4400},{"address":"::1","family":"IPv6","port":4400}],"logging":[{"address":"127.0.0.1","family":"IPv4","port":4500}],"ui":[{"address":"127.0.0.1","family":"IPv4","port":4006},{"address":"::1","family":"IPv6","port":4006}]},"metadata":{"message":"assigned listening specs for emulators"}}
[warn] !  emulators: It seems that you are running multiple instances of the emulator suite for project e-clone-6df42. This may result in unexpected behavior. 
[debug] [2023-02-22T12:59:30.885Z] [hub] writing locator at C:\Users\WEDIGG~1\AppData\Local\Temp\hub-e-clone-6df42.json
[debug] [2023-02-22T12:59:31.830Z] [functions] Functions Emulator only supports listening on one address (127.0.0.1). Not listening on ::1
[debug] [2023-02-22T12:59:31.830Z] [eventarc] Eventarc Emulator only supports listening on one address (127.0.0.1). Not listening on ::1
[debug] [2023-02-22T12:59:31.831Z] late-assigned ports for functions and eventarc emulators {"user":{"hub":[{"address":"127.0.0.1","family":"IPv4","port":4400},{"address":"::1","family":"IPv6","port":4400}],"logging":[{"address":"127.0.0.1","family":"IPv4","port":4500}],"ui":[{"address":"127.0.0.1","family":"IPv4","port":4006},{"address":"::1","family":"IPv6","port":4006}],"functions":[{"address":"127.0.0.1","family":"IPv4","port":5001}],"eventarc":[{"address":"127.0.0.1","family":"IPv4","port":9299}]},"metadata":{"message":"late-assigned ports for functions and eventarc emulators"}}
[warn] !  functions: The following emulators are not running, calls to these services from the Functions emulator will affect production: auth, firestore, database, hosting, pubsub, storage {"metadata":{"emulator":{"name":"functions"},"message":"The following emulators are not running, calls to these services from the Functions emulator will affect production: \u001b[1mauth, firestore, database, hosting, pubsub, storage\u001b[22m"}}
[debug] [2023-02-22T12:59:31.913Z] defaultcredentials: writing to file C:\Users\Wedi Ggigs\AppData\Roaming\firebase\hailegb2021_gmail_com_application_default_credentials.json
[debug] [2023-02-22T12:59:31.968Z] Setting GAC to C:\Users\Wedi Ggigs\AppData\Roaming\firebase\hailegb2021_gmail_com_application_default_credentials.json {"metadata":{"emulator":{"name":"functions"},"message":"Setting GAC to C:\\Users\\Wedi Ggigs\\AppData\\Roaming\\firebase\\hailegb2021_gmail_com_application_default_credentials.json"}}
[debug] [2023-02-22T12:59:31.975Z] >>> [apiv2][query] GET https://firebase.googleapis.com/v1beta1/projects/e-clone-6df42/adminSdkConfig [none]
[debug] [2023-02-22T12:59:33.472Z] <<< [apiv2][status] GET https://firebase.googleapis.com/v1beta1/projects/e-clone-6df42/adminSdkConfig 200
[debug] [2023-02-22T12:59:33.473Z] <<< [apiv2][body] GET https://firebase.googleapis.com/v1beta1/projects/e-clone-6df42/adminSdkConfig {"projectId":"e-clone-6df42","storageBucket":"e-clone-6df42.appspot.com"}
[debug] [2023-02-22T12:59:33.728Z] Ignoring unsupported arg: auto_download {"metadata":{"emulator":{"name":"ui"},"message":"Ignoring unsupported arg: auto_download"}}
[debug] [2023-02-22T12:59:33.730Z] Ignoring unsupported arg: port {"metadata":{"emulator":{"name":"ui"},"message":"Ignoring unsupported arg: port"}}
[debug] [2023-02-22T12:59:33.730Z] Starting Emulator UI with command {"binary":"node","args":["C:\\Users\\Wedi Ggigs\\.cache\\firebase\\emulators\\ui-v1.11.4\\server\\server.js"],"optionalArgs":[],"joinArgs":false} {"metadata":{"emulator":{"name":"ui"},"message":"Starting Emulator UI with command {\"binary\":\"node\",\"args\":[\"C:\\\\Users\\\\Wedi Ggigs\\\\.cache\\\\firebase\\\\emulators\\\\ui-v1.11.4\\\\server\\\\server.js\"],\"optionalArgs\":[],\"joinArgs\":false}"}}
[info] i  ui: Emulator UI logging to ui-debug.log {"metadata":{"emulator":{"name":"ui"},"message":"Emulator UI logging to \u001b[1mui-debug.log\u001b[22m"}}
[debug] [2023-02-22T12:59:34.912Z] Web / API server started at 127.0.0.1:4006
 {"metadata":{"emulator":{"name":"ui"},"message":"Web / API server started at 127.0.0.1:4006\n"}}
[debug] [2023-02-22T12:59:34.913Z] Web / API server started at ::1:4006
 {"metadata":{"emulator":{"name":"ui"},"message":"Web / API server started at ::1:4006\n"}}
[info] i  functions: Watching "E:\amazone-clone\functions" for Cloud Functions... {"metadata":{"emulator":{"name":"functions"},"message":"Watching \"E:\\amazone-clone\\functions\" for Cloud Functions..."}}
[debug] [2023-02-22T12:59:35.071Z] Validating nodejs source
[debug] [2023-02-22T12:59:45.512Z] checkFunctionsSDKVersion was unable to fetch information from NPM Error: spawnSync C:\WINDOWS\system32\cmd.exe ETIMEDOUT
    at Object.spawnSync (node:internal/child_process:1110:20)
    at Object.spawnSync (node:child_process:871:24)
    at Function.spawnSync [as sync] (C:\Users\Wedi Ggigs\AppData\Roaming\npm\node_modules\firebase-tools\node_modules\cross-spawn\index.js:26:23)
    at Object.getLatestSDKVersion (C:\Users\Wedi Ggigs\AppData\Roaming\npm\node_modules\firebase-tools\lib\deploy\functions\runtimes\node\versioning.js:55:25)
    at Object.checkFunctionsSDKVersion (C:\Users\Wedi Ggigs\AppData\Roaming\npm\node_modules\firebase-tools\lib\deploy\functions\runtimes\node\versioning.js:76:32)
    at Delegate.validate (C:\Users\Wedi Ggigs\AppData\Roaming\npm\node_modules\firebase-tools\lib\deploy\functions\runtimes\node\index.js:84:20)
    at FunctionsEmulator.discoverTriggers (C:\Users\Wedi Ggigs\AppData\Roaming\npm\node_modules\firebase-tools\lib\emulator\functionsEmulator.js:291:35)
    at async FunctionsEmulator.loadTriggers (C:\Users\Wedi Ggigs\AppData\Roaming\npm\node_modules\firebase-tools\lib\emulator\functionsEmulator.js:320:34)
    at async FunctionsEmulator.connect (C:\Users\Wedi Ggigs\AppData\Roaming\npm\node_modules\firebase-tools\lib\emulator\functionsEmulator.js:257:13)
    at async Object.startAll (C:\Users\Wedi Ggigs\AppData\Roaming\npm\node_modules\firebase-tools\lib\emulator\controller.js:547:13)
    at async C:\Users\Wedi Ggigs\AppData\Roaming\npm\node_modules\firebase-tools\lib\commands\emulators-start.js:32:43
[debug] [2023-02-22T12:59:45.513Z] > [functions] package.json contents: {
  "name": "functions",
  "description": "Cloud Functions for Firebase",
  "scripts": {
    "lint": "eslint .",
    "serve": "firebase emulators:start --only functions",
    "shell": "firebase functions:shell",
    "start": "npm run shell",
    "deploy": "firebase deploy --only functions",
    "logs": "firebase functions:log"
  },
  "engines": {
    "node": "16"
  },
  "main": "index.js",
  "dependencies": {
    "cors": "^2.8.5",
    "express": "^4.18.2",
    "firebase-admin": "^11.5.0",
    "firebase-functions": "^4.2.1",
    "stripe": "^11.11.0"
  },
  "devDependencies": {
    "eslint": "^8.9.0",
    "eslint-config-google": "^0.14.0",
    "firebase-functions-test": "^0.2.0"
  },
  "private": true
}
[debug] [2023-02-22T12:59:45.514Z] Building nodejs source
[debug] [2023-02-22T12:59:45.515Z] Failed to find version of module node: reached end of search path E:\amazone-clone\functions\node_modules
[warn] !  functions: Your requested "node" version "16" doesn't match your global version "18". Using node@18 from host. 
[debug] [2023-02-22T12:59:45.704Z] Could not find functions.yaml. Must use http discovery
[debug] [2023-02-22T12:59:46.426Z] Found firebase-functions binary at 'E:\amazone-clone\functions\node_modules\.bin\firebase-functions'
[debug] [2023-02-22T13:00:11.963Z] Serving at port 8186

[debug] [2023-02-22T13:00:39.945Z] shutdown requested via /__/quitquitquit

[error] !!  functions: Failed to load function definition from source: FirebaseError: User code failed to load. Cannot determine backend specification {"metadata":{"emulator":{"name":"functions"},"message":"Failed to load function definition from source: FirebaseError: User code failed to load. Cannot determine backend specification"}}
[info] 
┌─────────────────────────────────────────────────────────────┐
│ ✔  All emulators ready! It is now safe to connect your app. │
│ i  View Emulator UI at http://127.0.0.1:4006/               │
└─────────────────────────────────────────────────────────────┘

┌───────────┬────────────────┬─────────────────────────────────┐
│ Emulator  │ Host:Port      │ View in Emulator UI             │
├───────────┼────────────────┼─────────────────────────────────┤
│ Functions │ 127.0.0.1:5001 │ http://127.0.0.1:4006/functions │
└───────────┴────────────────┴─────────────────────────────────┘
  Emulator Hub running at 127.0.0.1:4400
  Other reserved ports: 4500

Issues? Report them at https://github.com/firebase/firebase-tools/issues and attach the *-debug.log files.
 
