[debug] [2023-02-20T16:18:29.190Z] ----------------------------------------------------------------------
[debug] [2023-02-20T16:18:29.199Z] Command:       C:\Program Files\nodejs\node.exe C:\Users\Wedi Ggigs\AppData\Roaming\npm\node_modules\firebase-tools\lib\bin\firebase.js emulators:start
[debug] [2023-02-20T16:18:29.201Z] CLI Version:   11.22.0
[debug] [2023-02-20T16:18:29.202Z] Platform:      win32
[debug] [2023-02-20T16:18:29.202Z] Node Version:  v18.13.0
[debug] [2023-02-20T16:18:31.748Z] Time:          Mon Feb 20 2023 19:18:29 GMT+0300 (East Africa Time)
[debug] [2023-02-20T16:18:31.749Z] ----------------------------------------------------------------------
[debug] 
[debug] [2023-02-20T16:18:31.792Z] >>> [apiv2][query] GET https://firebase-public.firebaseio.com/cli.json [none]
[debug] [2023-02-20T16:18:34.173Z] > command requires scopes: ["email","openid","https://www.googleapis.com/auth/cloudplatformprojects.readonly","https://www.googleapis.com/auth/firebase","https://www.googleapis.com/auth/cloud-platform"]
[debug] [2023-02-20T16:18:34.174Z] > authorizing via signed-in user (hailegb2021@gmail.com)
[info] i  emulators: Starting emulators: functions {"metadata":{"emulator":{"name":"hub"},"message":"Starting emulators: functions"}}
[debug] [2023-02-20T16:18:35.472Z] [logging] Logging Emulator only supports listening on one address (127.0.0.1). Not listening on ::1
[debug] [2023-02-20T16:18:35.474Z] assigned listening specs for emulators {"user":{"hub":[{"address":"127.0.0.1","family":"IPv4","port":4400},{"address":"::1","family":"IPv6","port":4400}],"ui":[{"address":"127.0.0.1","family":"IPv4","port":4000},{"address":"::1","family":"IPv6","port":4000}],"logging":[{"address":"127.0.0.1","family":"IPv4","port":4500}]},"metadata":{"message":"assigned listening specs for emulators"}}
[warn] !  emulators: It seems that you are running multiple instances of the emulator suite for project e-clone-6df42. This may result in unexpected behavior. 
[debug] [2023-02-20T16:18:35.889Z] [hub] writing locator at C:\Users\WEDIGG~1\AppData\Local\Temp\hub-e-clone-6df42.json
[debug] [2023-02-20T16:18:36.177Z] [functions] Functions Emulator only supports listening on one address (127.0.0.1). Not listening on ::1
[debug] [2023-02-20T16:18:36.177Z] [eventarc] Eventarc Emulator only supports listening on one address (127.0.0.1). Not listening on ::1
[debug] [2023-02-20T16:18:36.178Z] late-assigned ports for functions and eventarc emulators {"user":{"hub":[{"address":"127.0.0.1","family":"IPv4","port":4400},{"address":"::1","family":"IPv6","port":4400}],"ui":[{"address":"127.0.0.1","family":"IPv4","port":4000},{"address":"::1","family":"IPv6","port":4000}],"logging":[{"address":"127.0.0.1","family":"IPv4","port":4500}],"functions":[{"address":"127.0.0.1","family":"IPv4","port":5001}],"eventarc":[{"address":"127.0.0.1","family":"IPv4","port":9299}]},"metadata":{"message":"late-assigned ports for functions and eventarc emulators"}}
[warn] !  functions: The following emulators are not running, calls to these services from the Functions emulator will affect production: auth, firestore, database, hosting, pubsub, storage {"metadata":{"emulator":{"name":"functions"},"message":"The following emulators are not running, calls to these services from the Functions emulator will affect production: \u001b[1mauth, firestore, database, hosting, pubsub, storage\u001b[22m"}}
[debug] [2023-02-20T16:18:36.530Z] defaultcredentials: writing to file C:\Users\Wedi Ggigs\AppData\Roaming\firebase\hailegb2021_gmail_com_application_default_credentials.json
[debug] [2023-02-20T16:18:37.884Z] Setting GAC to C:\Users\Wedi Ggigs\AppData\Roaming\firebase\hailegb2021_gmail_com_application_default_credentials.json {"metadata":{"emulator":{"name":"functions"},"message":"Setting GAC to C:\\Users\\Wedi Ggigs\\AppData\\Roaming\\firebase\\hailegb2021_gmail_com_application_default_credentials.json"}}
[debug] [2023-02-20T16:18:37.891Z] > refreshing access token with scopes: []
[debug] [2023-02-20T16:18:37.895Z] >>> [apiv2][query] POST https://www.googleapis.com/oauth2/v3/token [none]
[debug] [2023-02-20T16:18:37.898Z] >>> [apiv2][body] POST https://www.googleapis.com/oauth2/v3/token [omitted]
[debug] [2023-02-20T16:18:38.467Z] <<< [apiv2][status] GET https://firebase-public.firebaseio.com/cli.json 200
[debug] [2023-02-20T16:18:38.467Z] <<< [apiv2][body] GET https://firebase-public.firebaseio.com/cli.json {"cloudBuildErrorAfter":1594252800000,"cloudBuildWarnAfter":1590019200000,"defaultNode10After":1594252800000,"minVersion":"3.0.5","node8DeploysDisabledAfter":1613390400000,"node8RuntimeDisabledAfter":1615809600000,"node8WarnAfter":1600128000000}
[debug] [2023-02-20T16:18:39.336Z] <<< [apiv2][status] POST https://www.googleapis.com/oauth2/v3/token 200
[debug] [2023-02-20T16:18:39.336Z] <<< [apiv2][body] POST https://www.googleapis.com/oauth2/v3/token [omitted]
[debug] [2023-02-20T16:18:39.980Z] >>> [apiv2][query] GET https://firebase.googleapis.com/v1beta1/projects/e-clone-6df42/adminSdkConfig [none]
[debug] [2023-02-20T16:18:40.870Z] <<< [apiv2][status] GET https://firebase.googleapis.com/v1beta1/projects/e-clone-6df42/adminSdkConfig 200
[debug] [2023-02-20T16:18:40.871Z] <<< [apiv2][body] GET https://firebase.googleapis.com/v1beta1/projects/e-clone-6df42/adminSdkConfig {"projectId":"e-clone-6df42","storageBucket":"e-clone-6df42.appspot.com"}
[debug] [2023-02-20T16:18:41.417Z] Ignoring unsupported arg: auto_download {"metadata":{"emulator":{"name":"ui"},"message":"Ignoring unsupported arg: auto_download"}}
[debug] [2023-02-20T16:18:41.417Z] Ignoring unsupported arg: port {"metadata":{"emulator":{"name":"ui"},"message":"Ignoring unsupported arg: port"}}
[debug] [2023-02-20T16:18:41.418Z] Starting Emulator UI with command {"binary":"node","args":["C:\\Users\\Wedi Ggigs\\.cache\\firebase\\emulators\\ui-v1.11.2\\server\\server.js"],"optionalArgs":[],"joinArgs":false} {"metadata":{"emulator":{"name":"ui"},"message":"Starting Emulator UI with command {\"binary\":\"node\",\"args\":[\"C:\\\\Users\\\\Wedi Ggigs\\\\.cache\\\\firebase\\\\emulators\\\\ui-v1.11.2\\\\server\\\\server.js\"],\"optionalArgs\":[],\"joinArgs\":false}"}}
[info] i  ui: Emulator UI logging to ui-debug.log {"metadata":{"emulator":{"name":"ui"},"message":"Emulator UI logging to \u001b[1mui-debug.log\u001b[22m"}}
[debug] [2023-02-20T16:18:44.983Z] Web / API server started at 127.0.0.1:4000
 {"metadata":{"emulator":{"name":"ui"},"message":"Web / API server started at 127.0.0.1:4000\n"}}
[debug] [2023-02-20T16:18:44.987Z] Web / API server started at ::1:4000
 {"metadata":{"emulator":{"name":"ui"},"message":"Web / API server started at ::1:4000\n"}}
[info] i  functions: Watching "E:\amazone-clone\functions" for Cloud Functions... {"metadata":{"emulator":{"name":"functions"},"message":"Watching \"E:\\amazone-clone\\functions\" for Cloud Functions..."}}
[debug] [2023-02-20T16:18:45.479Z] Validating nodejs source
[debug] [2023-02-20T16:18:56.049Z] checkFunctionsSDKVersion was unable to fetch information from NPM Error: spawnSync C:\WINDOWS\system32\cmd.exe ETIMEDOUT
    at Object.spawnSync (node:internal/child_process:1110:20)
    at Object.spawnSync (node:child_process:871:24)
    at Function.spawnSync [as sync] (C:\Users\Wedi Ggigs\AppData\Roaming\npm\node_modules\firebase-tools\node_modules\cross-spawn\index.js:26:23)
    at Object.getLatestSDKVersion (C:\Users\Wedi Ggigs\AppData\Roaming\npm\node_modules\firebase-tools\lib\deploy\functions\runtimes\node\versioning.js:55:25)
    at Object.checkFunctionsSDKVersion (C:\Users\Wedi Ggigs\AppData\Roaming\npm\node_modules\firebase-tools\lib\deploy\functions\runtimes\node\versioning.js:76:32)
    at Delegate.validate (C:\Users\Wedi Ggigs\AppData\Roaming\npm\node_modules\firebase-tools\lib\deploy\functions\runtimes\node\index.js:84:20)
    at FunctionsEmulator.discoverTriggers (C:\Users\Wedi Ggigs\AppData\Roaming\npm\node_modules\firebase-tools\lib\emulator\functionsEmulator.js:291:35)
    at async FunctionsEmulator.loadTriggers (C:\Users\Wedi Ggigs\AppData\Roaming\npm\node_modules\firebase-tools\lib\emulator\functionsEmulator.js:320:34)
    at async FunctionsEmulator.connect (C:\Users\Wedi Ggigs\AppData\Roaming\npm\node_modules\firebase-tools\lib\emulator\functionsEmulator.js:257:13)
    at async Object.startAll (C:\Users\Wedi Ggigs\AppData\Roaming\npm\node_modules\firebase-tools\lib\emulator\controller.js:547:13)
    at async C:\Users\Wedi Ggigs\AppData\Roaming\npm\node_modules\firebase-tools\lib\commands\emulators-start.js:32:43
[debug] [2023-02-20T16:18:56.050Z] > [functions] package.json contents: {
  "name": "functions",
  "description": "Cloud Functions for Firebase",
  "scripts": {
    "lint": "eslint .",
    "serve": "firebase emulators:start --only functions",
    "shell": "firebase functions:shell",
    "start": "npm run shell",
    "deploy": "firebase deploy --only functions",
    "logs": "firebase functions:log"
  },
  "engines": {
    "node": "16"
  },
  "main": "index.js",
  "dependencies": {
    "cors": "^2.8.5",
    "express": "^4.18.2",
    "firebase-admin": "^10.0.2",
    "firebase-functions": "^4.2.1",
    "stripe": "^11.11.0"
  },
  "devDependencies": {
    "eslint": "^8.9.0",
    "eslint-config-google": "^0.14.0",
    "firebase-functions-test": "^0.2.0"
  },
  "private": true
}
[debug] [2023-02-20T16:18:56.051Z] Building nodejs source
[debug] [2023-02-20T16:18:56.052Z] Failed to find version of module node: reached end of search path E:\amazone-clone\functions\node_modules
[warn] !  functions: Your requested "node" version "16" doesn't match your global version "18". Using node@18 from host. 
[debug] [2023-02-20T16:18:56.079Z] Could not find functions.yaml. Must use http discovery
[debug] [2023-02-20T16:18:56.937Z] Found firebase-functions binary at 'E:\amazone-clone\functions\node_modules\.bin\firebase-functions'
[error] !!  functions: Failed to load function definition from source: FetchError: request to http://localhost:8873/__/quitquitquit failed, reason: connect ECONNREFUSED ::1:8873 {"metadata":{"emulator":{"name":"functions"},"message":"Failed to load function definition from source: FetchError: request to http://localhost:8873/__/quitquitquit failed, reason: connect ECONNREFUSED ::1:8873"}}
[info] 
┌─────────────────────────────────────────────────────────────┐
│ ✔  All emulators ready! It is now safe to connect your app. │
│ i  View Emulator UI at http://127.0.0.1:4000/               │
└─────────────────────────────────────────────────────────────┘

┌───────────┬────────────────┬─────────────────────────────────┐
│ Emulator  │ Host:Port      │ View in Emulator UI             │
├───────────┼────────────────┼─────────────────────────────────┤
│ Functions │ 127.0.0.1:5001 │ http://127.0.0.1:4000/functions │
└───────────┴────────────────┴─────────────────────────────────┘
  Emulator Hub running at 127.0.0.1:4400
  Other reserved ports: 4500

Issues? Report them at https://github.com/firebase/firebase-tools/issues and attach the *-debug.log files.
 
[debug] [2023-02-20T16:20:20.024Z] Serving at port 8873

[debug] [2023-02-20T16:20:45.352Z] Received signal SIGHUP 1
[debug] [2023-02-20T16:47:25.187Z] ----------------------------------------------------------------------
[debug] [2023-02-20T16:47:25.253Z] Command:       C:\Program Files\nodejs\node.exe C:\Users\Wedi Ggigs\AppData\Roaming\npm\node_modules\firebase-tools\lib\bin\firebase.js emulators:start
[debug] [2023-02-20T16:47:25.255Z] CLI Version:   11.22.0
[debug] [2023-02-20T16:47:25.256Z] Platform:      win32
[debug] [2023-02-20T16:47:25.256Z] Node Version:  v18.13.0
[debug] [2023-02-20T16:47:26.296Z] Time:          Mon Feb 20 2023 19:47:25 GMT+0300 (East Africa Time)
[debug] [2023-02-20T16:47:26.297Z] ----------------------------------------------------------------------
[debug] 
[debug] [2023-02-20T16:47:29.898Z] > command requires scopes: ["email","openid","https://www.googleapis.com/auth/cloudplatformprojects.readonly","https://www.googleapis.com/auth/firebase","https://www.googleapis.com/auth/cloud-platform"]
[debug] [2023-02-20T16:47:29.901Z] > authorizing via signed-in user (hailegb2021@gmail.com)
[info] i  emulators: Starting emulators: functions {"metadata":{"emulator":{"name":"hub"},"message":"Starting emulators: functions"}}
[debug] [2023-02-20T16:47:30.718Z] [logging] Logging Emulator only supports listening on one address (127.0.0.1). Not listening on ::1
[warn] !  ui: Emulator UI unable to start on port 4000, starting on 4001 instead. {"metadata":{"emulator":{"name":"ui"},"message":"Emulator UI unable to start on port 4000, starting on 4001 instead."}}
[debug] [2023-02-20T16:47:30.726Z] assigned listening specs for emulators {"user":{"hub":[{"address":"127.0.0.1","family":"IPv4","port":4400},{"address":"::1","family":"IPv6","port":4400}],"logging":[{"address":"127.0.0.1","family":"IPv4","port":4500}],"ui":[{"address":"127.0.0.1","family":"IPv4","port":4001},{"address":"::1","family":"IPv6","port":4001}]},"metadata":{"message":"assigned listening specs for emulators"}}
[warn] !  emulators: It seems that you are running multiple instances of the emulator suite for project e-clone-6df42. This may result in unexpected behavior. 
[debug] [2023-02-20T16:47:30.897Z] [hub] writing locator at C:\Users\WEDIGG~1\AppData\Local\Temp\hub-e-clone-6df42.json
[debug] [2023-02-20T16:47:32.365Z] [functions] Functions Emulator only supports listening on one address (127.0.0.1). Not listening on ::1
[debug] [2023-02-20T16:47:32.366Z] [eventarc] Eventarc Emulator only supports listening on one address (127.0.0.1). Not listening on ::1
[debug] [2023-02-20T16:47:32.367Z] late-assigned ports for functions and eventarc emulators {"user":{"hub":[{"address":"127.0.0.1","family":"IPv4","port":4400},{"address":"::1","family":"IPv6","port":4400}],"logging":[{"address":"127.0.0.1","family":"IPv4","port":4500}],"ui":[{"address":"127.0.0.1","family":"IPv4","port":4001},{"address":"::1","family":"IPv6","port":4001}],"functions":[{"address":"127.0.0.1","family":"IPv4","port":5001}],"eventarc":[{"address":"127.0.0.1","family":"IPv4","port":9299}]},"metadata":{"message":"late-assigned ports for functions and eventarc emulators"}}
[warn] !  functions: The following emulators are not running, calls to these services from the Functions emulator will affect production: auth, firestore, database, hosting, pubsub, storage {"metadata":{"emulator":{"name":"functions"},"message":"The following emulators are not running, calls to these services from the Functions emulator will affect production: \u001b[1mauth, firestore, database, hosting, pubsub, storage\u001b[22m"}}
[debug] [2023-02-20T16:47:32.441Z] defaultcredentials: writing to file C:\Users\Wedi Ggigs\AppData\Roaming\firebase\hailegb2021_gmail_com_application_default_credentials.json
[debug] [2023-02-20T16:47:33.299Z] Setting GAC to C:\Users\Wedi Ggigs\AppData\Roaming\firebase\hailegb2021_gmail_com_application_default_credentials.json {"metadata":{"emulator":{"name":"functions"},"message":"Setting GAC to C:\\Users\\Wedi Ggigs\\AppData\\Roaming\\firebase\\hailegb2021_gmail_com_application_default_credentials.json"}}
[debug] [2023-02-20T16:47:33.312Z] >>> [apiv2][query] GET https://firebase.googleapis.com/v1beta1/projects/e-clone-6df42/adminSdkConfig [none]
[debug] [2023-02-20T16:47:34.327Z] <<< [apiv2][status] GET https://firebase.googleapis.com/v1beta1/projects/e-clone-6df42/adminSdkConfig 200
[debug] [2023-02-20T16:47:34.328Z] <<< [apiv2][body] GET https://firebase.googleapis.com/v1beta1/projects/e-clone-6df42/adminSdkConfig {"projectId":"e-clone-6df42","storageBucket":"e-clone-6df42.appspot.com"}
[debug] [2023-02-20T16:47:34.681Z] Ignoring unsupported arg: auto_download {"metadata":{"emulator":{"name":"ui"},"message":"Ignoring unsupported arg: auto_download"}}
[debug] [2023-02-20T16:47:34.681Z] Ignoring unsupported arg: port {"metadata":{"emulator":{"name":"ui"},"message":"Ignoring unsupported arg: port"}}
[debug] [2023-02-20T16:47:34.682Z] Starting Emulator UI with command {"binary":"node","args":["C:\\Users\\Wedi Ggigs\\.cache\\firebase\\emulators\\ui-v1.11.2\\server\\server.js"],"optionalArgs":[],"joinArgs":false} {"metadata":{"emulator":{"name":"ui"},"message":"Starting Emulator UI with command {\"binary\":\"node\",\"args\":[\"C:\\\\Users\\\\Wedi Ggigs\\\\.cache\\\\firebase\\\\emulators\\\\ui-v1.11.2\\\\server\\\\server.js\"],\"optionalArgs\":[],\"joinArgs\":false}"}}
[info] i  ui: Emulator UI logging to ui-debug.log {"metadata":{"emulator":{"name":"ui"},"message":"Emulator UI logging to \u001b[1mui-debug.log\u001b[22m"}}
[debug] [2023-02-20T16:47:39.260Z] Web / API server started at 127.0.0.1:4001
Web / API server started at ::1:4001
 {"metadata":{"emulator":{"name":"ui"},"message":"Web / API server started at 127.0.0.1:4001\nWeb / API server started at ::1:4001\n"}}
[info] i  functions: Watching "E:\amazone-clone\functions" for Cloud Functions... {"metadata":{"emulator":{"name":"functions"},"message":"Watching \"E:\\amazone-clone\\functions\" for Cloud Functions..."}}
[debug] [2023-02-20T16:47:39.516Z] Validating nodejs source
[debug] [2023-02-20T16:47:50.208Z] checkFunctionsSDKVersion was unable to fetch information from NPM Error: spawnSync C:\WINDOWS\system32\cmd.exe ETIMEDOUT
    at Object.spawnSync (node:internal/child_process:1110:20)
    at Object.spawnSync (node:child_process:871:24)
    at Function.spawnSync [as sync] (C:\Users\Wedi Ggigs\AppData\Roaming\npm\node_modules\firebase-tools\node_modules\cross-spawn\index.js:26:23)
    at Object.getLatestSDKVersion (C:\Users\Wedi Ggigs\AppData\Roaming\npm\node_modules\firebase-tools\lib\deploy\functions\runtimes\node\versioning.js:55:25)
    at Object.checkFunctionsSDKVersion (C:\Users\Wedi Ggigs\AppData\Roaming\npm\node_modules\firebase-tools\lib\deploy\functions\runtimes\node\versioning.js:76:32)
    at Delegate.validate (C:\Users\Wedi Ggigs\AppData\Roaming\npm\node_modules\firebase-tools\lib\deploy\functions\runtimes\node\index.js:84:20)
    at FunctionsEmulator.discoverTriggers (C:\Users\Wedi Ggigs\AppData\Roaming\npm\node_modules\firebase-tools\lib\emulator\functionsEmulator.js:291:35)
    at async FunctionsEmulator.loadTriggers (C:\Users\Wedi Ggigs\AppData\Roaming\npm\node_modules\firebase-tools\lib\emulator\functionsEmulator.js:320:34)
    at async FunctionsEmulator.connect (C:\Users\Wedi Ggigs\AppData\Roaming\npm\node_modules\firebase-tools\lib\emulator\functionsEmulator.js:257:13)
    at async Object.startAll (C:\Users\Wedi Ggigs\AppData\Roaming\npm\node_modules\firebase-tools\lib\emulator\controller.js:547:13)
    at async C:\Users\Wedi Ggigs\AppData\Roaming\npm\node_modules\firebase-tools\lib\commands\emulators-start.js:32:43
[debug] [2023-02-20T16:47:50.213Z] > [functions] package.json contents: {
  "name": "functions",
  "description": "Cloud Functions for Firebase",
  "scripts": {
    "lint": "eslint .",
    "serve": "firebase emulators:start --only functions",
    "shell": "firebase functions:shell",
    "start": "npm run shell",
    "deploy": "firebase deploy --only functions",
    "logs": "firebase functions:log"
  },
  "engines": {
    "node": "16"
  },
  "main": "index.js",
  "dependencies": {
    "cors": "^2.8.5",
    "express": "^4.18.2",
    "firebase-admin": "^10.0.2",
    "firebase-functions": "^4.2.1",
    "stripe": "^11.11.0"
  },
  "devDependencies": {
    "eslint": "^8.9.0",
    "eslint-config-google": "^0.14.0",
    "firebase-functions-test": "^0.2.0"
  },
  "private": true
}
[debug] [2023-02-20T16:47:50.214Z] Building nodejs source
[debug] [2023-02-20T16:47:50.215Z] Failed to find version of module node: reached end of search path E:\amazone-clone\functions\node_modules
[warn] !  functions: Your requested "node" version "16" doesn't match your global version "18". Using node@18 from host. 
[debug] [2023-02-20T16:47:50.224Z] Could not find functions.yaml. Must use http discovery
[debug] [2023-02-20T16:47:50.407Z] Found firebase-functions binary at 'E:\amazone-clone\functions\node_modules\.bin\firebase-functions'
[error] !!  functions: Failed to load function definition from source: FetchError: request to http://localhost:9000/__/quitquitquit failed, reason: connect ECONNREFUSED ::1:9000 {"metadata":{"emulator":{"name":"functions"},"message":"Failed to load function definition from source: FetchError: request to http://localhost:9000/__/quitquitquit failed, reason: connect ECONNREFUSED ::1:9000"}}
[info] 
┌─────────────────────────────────────────────────────────────┐
│ ✔  All emulators ready! It is now safe to connect your app. │
│ i  View Emulator UI at http://127.0.0.1:4001/               │
└─────────────────────────────────────────────────────────────┘

┌───────────┬────────────────┬─────────────────────────────────┐
│ Emulator  │ Host:Port      │ View in Emulator UI             │
├───────────┼────────────────┼─────────────────────────────────┤
│ Functions │ 127.0.0.1:5001 │ http://127.0.0.1:4001/functions │
└───────────┴────────────────┴─────────────────────────────────┘
  Emulator Hub running at 127.0.0.1:4400
  Other reserved ports: 4500

Issues? Report them at https://github.com/firebase/firebase-tools/issues and attach the *-debug.log files.
 
[debug] [2023-02-20T16:48:40.464Z] Serving at port 9000

[debug] [2023-02-20T16:49:52.958Z] File E:\amazone-clone\functions\index.js changed, reloading triggers {"metadata":{"emulator":{"name":"functions"},"message":"File E:\\amazone-clone\\functions\\index.js changed, reloading triggers"}}
[debug] [2023-02-20T16:49:54.002Z] File E:\amazone-clone\functions\index.js changed, reloading triggers {"metadata":{"emulator":{"name":"functions"},"message":"File E:\\amazone-clone\\functions\\index.js changed, reloading triggers"}}
[debug] [2023-02-20T16:49:54.004Z] Validating nodejs source
[debug] [2023-02-20T16:50:04.804Z] checkFunctionsSDKVersion was unable to fetch information from NPM Error: spawnSync C:\WINDOWS\system32\cmd.exe ETIMEDOUT
    at Object.spawnSync (node:internal/child_process:1110:20)
    at Object.spawnSync (node:child_process:871:24)
    at Function.spawnSync [as sync] (C:\Users\Wedi Ggigs\AppData\Roaming\npm\node_modules\firebase-tools\node_modules\cross-spawn\index.js:26:23)
    at Object.getLatestSDKVersion (C:\Users\Wedi Ggigs\AppData\Roaming\npm\node_modules\firebase-tools\lib\deploy\functions\runtimes\node\versioning.js:55:25)
    at Object.checkFunctionsSDKVersion (C:\Users\Wedi Ggigs\AppData\Roaming\npm\node_modules\firebase-tools\lib\deploy\functions\runtimes\node\versioning.js:76:32)
    at Delegate.validate (C:\Users\Wedi Ggigs\AppData\Roaming\npm\node_modules\firebase-tools\lib\deploy\functions\runtimes\node\index.js:84:20)
    at FunctionsEmulator.discoverTriggers (C:\Users\Wedi Ggigs\AppData\Roaming\npm\node_modules\firebase-tools\lib\emulator\functionsEmulator.js:291:35)
    at async FunctionsEmulator.loadTriggers (C:\Users\Wedi Ggigs\AppData\Roaming\npm\node_modules\firebase-tools\lib\emulator\functionsEmulator.js:320:34)
[debug] [2023-02-20T16:50:04.807Z] > [functions] package.json contents: {
  "name": "functions",
  "description": "Cloud Functions for Firebase",
  "scripts": {
    "lint": "eslint .",
    "serve": "firebase emulators:start --only functions",
    "shell": "firebase functions:shell",
    "start": "npm run shell",
    "deploy": "firebase deploy --only functions",
    "logs": "firebase functions:log"
  },
  "engines": {
    "node": "16"
  },
  "main": "index.js",
  "dependencies": {
    "cors": "^2.8.5",
    "express": "^4.18.2",
    "firebase-admin": "^10.0.2",
    "firebase-functions": "^4.2.1",
    "stripe": "^11.11.0"
  },
  "devDependencies": {
    "eslint": "^8.9.0",
    "eslint-config-google": "^0.14.0",
    "firebase-functions-test": "^0.2.0"
  },
  "private": true
}
[debug] [2023-02-20T16:50:04.808Z] Building nodejs source
[debug] [2023-02-20T16:50:04.810Z] Failed to find version of module node: reached end of search path E:\amazone-clone\functions\node_modules
[warn] !  functions: Your requested "node" version "16" doesn't match your global version "18". Using node@18 from host. 
[debug] [2023-02-20T16:50:04.823Z] Could not find functions.yaml. Must use http discovery
[debug] [2023-02-20T16:50:04.884Z] Found firebase-functions binary at 'E:\amazone-clone\functions\node_modules\.bin\firebase-functions'
[debug] [2023-02-20T16:50:04.911Z] Validating nodejs source
[debug] [2023-02-20T16:50:17.523Z] checkFunctionsSDKVersion was unable to fetch information from NPM Error: spawnSync C:\WINDOWS\system32\cmd.exe ETIMEDOUT
    at Object.spawnSync (node:internal/child_process:1110:20)
    at Object.spawnSync (node:child_process:871:24)
    at Function.spawnSync [as sync] (C:\Users\Wedi Ggigs\AppData\Roaming\npm\node_modules\firebase-tools\node_modules\cross-spawn\index.js:26:23)
    at Object.getLatestSDKVersion (C:\Users\Wedi Ggigs\AppData\Roaming\npm\node_modules\firebase-tools\lib\deploy\functions\runtimes\node\versioning.js:55:25)
    at Object.checkFunctionsSDKVersion (C:\Users\Wedi Ggigs\AppData\Roaming\npm\node_modules\firebase-tools\lib\deploy\functions\runtimes\node\versioning.js:76:32)
    at Delegate.validate (C:\Users\Wedi Ggigs\AppData\Roaming\npm\node_modules\firebase-tools\lib\deploy\functions\runtimes\node\index.js:84:20)
    at FunctionsEmulator.discoverTriggers (C:\Users\Wedi Ggigs\AppData\Roaming\npm\node_modules\firebase-tools\lib\emulator\functionsEmulator.js:291:35)
    at async FunctionsEmulator.loadTriggers (C:\Users\Wedi Ggigs\AppData\Roaming\npm\node_modules\firebase-tools\lib\emulator\functionsEmulator.js:320:34)
[debug] [2023-02-20T16:50:17.525Z] > [functions] package.json contents: {
  "name": "functions",
  "description": "Cloud Functions for Firebase",
  "scripts": {
    "lint": "eslint .",
    "serve": "firebase emulators:start --only functions",
    "shell": "firebase functions:shell",
    "start": "npm run shell",
    "deploy": "firebase deploy --only functions",
    "logs": "firebase functions:log"
  },
  "engines": {
    "node": "16"
  },
  "main": "index.js",
  "dependencies": {
    "cors": "^2.8.5",
    "express": "^4.18.2",
    "firebase-admin": "^10.0.2",
    "firebase-functions": "^4.2.1",
    "stripe": "^11.11.0"
  },
  "devDependencies": {
    "eslint": "^8.9.0",
    "eslint-config-google": "^0.14.0",
    "firebase-functions-test": "^0.2.0"
  },
  "private": true
}
[debug] [2023-02-20T16:50:17.525Z] Building nodejs source
[debug] [2023-02-20T16:50:17.526Z] Failed to find version of module node: reached end of search path E:\amazone-clone\functions\node_modules
[warn] !  functions: Your requested "node" version "16" doesn't match your global version "18". Using node@18 from host. 
[debug] [2023-02-20T16:50:17.783Z] Could not find functions.yaml. Must use http discovery
[debug] [2023-02-20T16:50:17.899Z] Found firebase-functions binary at 'E:\amazone-clone\functions\node_modules\.bin\firebase-functions'
[debug] [2023-02-20T16:50:17.918Z] Serving at port 8027

[debug] [2023-02-20T16:50:29.303Z] Serving at port 8185

[debug] [2023-02-20T16:51:21.610Z] shutdown requested via /__/quitquitquit

[debug] [2023-02-20T16:51:21.664Z] shutdown requested via /__/quitquitquit

[error] !!  functions: Failed to load function definition from source: FirebaseError: User code failed to load. Cannot determine backend specification {"metadata":{"emulator":{"name":"functions"},"message":"Failed to load function definition from source: FirebaseError: User code failed to load. Cannot determine backend specification"}}
[error] !!  functions: Failed to load function definition from source: FirebaseError: User code failed to load. Cannot determine backend specification {"metadata":{"emulator":{"name":"functions"},"message":"Failed to load function definition from source: FirebaseError: User code failed to load. Cannot determine backend specification"}}
[debug] [2023-02-20T16:52:30.480Z] File E:\amazone-clone\functions\index.js changed, reloading triggers {"metadata":{"emulator":{"name":"functions"},"message":"File E:\\amazone-clone\\functions\\index.js changed, reloading triggers"}}
[debug] [2023-02-20T16:52:31.493Z] Validating nodejs source
[debug] [2023-02-20T16:52:41.571Z] checkFunctionsSDKVersion was unable to fetch information from NPM Error: spawnSync C:\WINDOWS\system32\cmd.exe ETIMEDOUT
    at Object.spawnSync (node:internal/child_process:1110:20)
    at Object.spawnSync (node:child_process:871:24)
    at Function.spawnSync [as sync] (C:\Users\Wedi Ggigs\AppData\Roaming\npm\node_modules\firebase-tools\node_modules\cross-spawn\index.js:26:23)
    at Object.getLatestSDKVersion (C:\Users\Wedi Ggigs\AppData\Roaming\npm\node_modules\firebase-tools\lib\deploy\functions\runtimes\node\versioning.js:55:25)
    at Object.checkFunctionsSDKVersion (C:\Users\Wedi Ggigs\AppData\Roaming\npm\node_modules\firebase-tools\lib\deploy\functions\runtimes\node\versioning.js:76:32)
    at Delegate.validate (C:\Users\Wedi Ggigs\AppData\Roaming\npm\node_modules\firebase-tools\lib\deploy\functions\runtimes\node\index.js:84:20)
    at FunctionsEmulator.discoverTriggers (C:\Users\Wedi Ggigs\AppData\Roaming\npm\node_modules\firebase-tools\lib\emulator\functionsEmulator.js:291:35)
    at async FunctionsEmulator.loadTriggers (C:\Users\Wedi Ggigs\AppData\Roaming\npm\node_modules\firebase-tools\lib\emulator\functionsEmulator.js:320:34)
[debug] [2023-02-20T16:52:41.573Z] > [functions] package.json contents: {
  "name": "functions",
  "description": "Cloud Functions for Firebase",
  "scripts": {
    "lint": "eslint .",
    "serve": "firebase emulators:start --only functions",
    "shell": "firebase functions:shell",
    "start": "npm run shell",
    "deploy": "firebase deploy --only functions",
    "logs": "firebase functions:log"
  },
  "engines": {
    "node": "16"
  },
  "main": "index.js",
  "dependencies": {
    "cors": "^2.8.5",
    "express": "^4.18.2",
    "firebase-admin": "^10.0.2",
    "firebase-functions": "^4.2.1",
    "stripe": "^11.11.0"
  },
  "devDependencies": {
    "eslint": "^8.9.0",
    "eslint-config-google": "^0.14.0",
    "firebase-functions-test": "^0.2.0"
  },
  "private": true
}
[debug] [2023-02-20T16:52:41.574Z] Building nodejs source
[debug] [2023-02-20T16:52:41.574Z] Failed to find version of module node: reached end of search path E:\amazone-clone\functions\node_modules
[warn] !  functions: Your requested "node" version "16" doesn't match your global version "18". Using node@18 from host. 
[debug] [2023-02-20T16:52:41.604Z] Could not find functions.yaml. Must use http discovery
[debug] [2023-02-20T16:52:41.701Z] Found firebase-functions binary at 'E:\amazone-clone\functions\node_modules\.bin\firebase-functions'
[debug] [2023-02-20T16:52:42.878Z] Serving at port 8566

[debug] [2023-02-20T16:52:43.812Z] Got response from /__/functions.yaml {"endpoints":{"api":{"platform":"gcfv1","availableMemoryMb":null,"timeoutSeconds":null,"minInstances":null,"maxInstances":null,"ingressSettings":null,"serviceAccountEmail":null,"vpc":null,"httpsTrigger":{},"entryPoint":"api"}},"specVersion":"v1alpha1","requiredAPIs":[]}
[debug] [2023-02-20T16:52:43.832Z] shutdown requested via /__/quitquitquit

[info] +  functions: Loaded functions definitions from source: api. {"metadata":{"emulator":{"name":"functions"},"message":"Loaded functions definitions from source: api."}}
[info] +  functions[us-central1-api]: http function initialized (http://127.0.0.1:5001/e-clone-6df42/us-central1/api). {"metadata":{"emulator":{"name":"functions"},"message":"\u001b[1mhttp\u001b[22m function initialized (http://127.0.0.1:5001/e-clone-6df42/us-central1/api)."}}
[debug] [2023-02-20T16:53:30.141Z] [work-queue] {"queuedWork":["/e-clone-6df42/us-central1/api-2023-02-20T16:53:30.141Z"],"queueLength":1,"runningWork":[],"workRunningCount":0}
[debug] [2023-02-20T16:53:30.142Z] [work-queue] {"queuedWork":[],"queueLength":0,"runningWork":["/e-clone-6df42/us-central1/api-2023-02-20T16:53:30.141Z"],"workRunningCount":1}
[debug] [2023-02-20T16:53:30.143Z] Accepted request GET /e-clone-6df42/us-central1/api --> us-central1-api
[debug] [2023-02-20T16:53:30.633Z] [functions] Runtime ready! Sending request! {"metadata":{"emulator":{"name":"functions"},"message":"[functions] Runtime ready! Sending request!"}}
[debug] [2023-02-20T16:53:30.634Z] [functions] Got req.url=/e-clone-6df42/us-central1/api, mapping to path=/ {"metadata":{"emulator":{"name":"functions"},"message":"[functions] Got req.url=/e-clone-6df42/us-central1/api, mapping to path=/"}}
[debug] [2023-02-20T16:53:32.076Z] [worker-pool] addWorker(us-central1-api) {"metadata":{"emulator":{"name":"functions"},"message":"[worker-pool] addWorker(us-central1-api)"}}
[debug] [2023-02-20T16:53:32.076Z] [worker-pool] Adding worker with key us-central1-api, total=1 {"metadata":{"emulator":{"name":"functions"},"message":"[worker-pool] Adding worker with key us-central1-api, total=1"}}
[debug] [2023-02-20T16:53:50.998Z] [work-queue] {"queuedWork":["/e-clone-6df42/us-central1/api-2023-02-20T16:53:50.998Z"],"queueLength":1,"runningWork":["/e-clone-6df42/us-central1/api-2023-02-20T16:53:30.141Z"],"workRunningCount":1}
[debug] [2023-02-20T16:53:50.998Z] [work-queue] {"queuedWork":[],"queueLength":0,"runningWork":["/e-clone-6df42/us-central1/api-2023-02-20T16:53:30.141Z","/e-clone-6df42/us-central1/api-2023-02-20T16:53:50.998Z"],"workRunningCount":2}
[debug] [2023-02-20T16:53:50.999Z] Accepted request GET /e-clone-6df42/us-central1/api --> us-central1-api
[debug] [2023-02-20T16:53:51.012Z] [functions] Runtime ready! Sending request! {"metadata":{"emulator":{"name":"functions"},"message":"[functions] Runtime ready! Sending request!"}}
[debug] [2023-02-20T16:53:51.013Z] [functions] Got req.url=/e-clone-6df42/us-central1/api, mapping to path=/ {"metadata":{"emulator":{"name":"functions"},"message":"[functions] Got req.url=/e-clone-6df42/us-central1/api, mapping to path=/"}}
[debug] [2023-02-20T16:53:51.030Z] [worker-pool] addWorker(us-central1-api) {"metadata":{"emulator":{"name":"functions"},"message":"[worker-pool] addWorker(us-central1-api)"}}
[debug] [2023-02-20T16:53:51.031Z] [worker-pool] Adding worker with key us-central1-api, total=2 {"metadata":{"emulator":{"name":"functions"},"message":"[worker-pool] Adding worker with key us-central1-api, total=2"}}
[error] !!  functions: Failed to handle request for function us-central1-api {"metadata":{"emulator":{"name":"functions"},"message":"Failed to handle request for function us-central1-api"}}
[error] !!  functions: Failed to start functions in E:\amazone-clone\functions: FirebaseError: Failed to load function. {"metadata":{"emulator":{"name":"functions"},"message":"Failed to start functions in E:\\amazone-clone\\functions: FirebaseError: Failed to load function."}}
[debug] [2023-02-20T16:54:02.182Z] [work-queue] {"queuedWork":[],"queueLength":0,"runningWork":["/e-clone-6df42/us-central1/api-2023-02-20T16:53:50.998Z"],"workRunningCount":1}
[error] !!  functions: Failed to handle request for function us-central1-api {"metadata":{"emulator":{"name":"functions"},"message":"Failed to handle request for function us-central1-api"}}
[error] !!  functions: Failed to start functions in E:\amazone-clone\functions: FirebaseError: Failed to load function. {"metadata":{"emulator":{"name":"functions"},"message":"Failed to start functions in E:\\amazone-clone\\functions: FirebaseError: Failed to load function."}}
[debug] [2023-02-20T16:54:21.182Z] [work-queue] {"queuedWork":[],"queueLength":0,"runningWork":[],"workRunningCount":0}
[debug] [2023-02-20T16:58:13.454Z] File E:\amazone-clone\functions\index.js changed, reloading triggers {"metadata":{"emulator":{"name":"functions"},"message":"File E:\\amazone-clone\\functions\\index.js changed, reloading triggers"}}
[debug] [2023-02-20T16:58:15.740Z] File E:\amazone-clone\functions\index.js changed, reloading triggers {"metadata":{"emulator":{"name":"functions"},"message":"File E:\\amazone-clone\\functions\\index.js changed, reloading triggers"}}
[debug] [2023-02-20T16:58:15.743Z] Validating nodejs source
[debug] [2023-02-20T16:58:34.912Z] checkFunctionsSDKVersion was unable to fetch information from NPM Error: spawnSync C:\WINDOWS\system32\cmd.exe ETIMEDOUT
    at Object.spawnSync (node:internal/child_process:1110:20)
    at Object.spawnSync (node:child_process:871:24)
    at Function.spawnSync [as sync] (C:\Users\Wedi Ggigs\AppData\Roaming\npm\node_modules\firebase-tools\node_modules\cross-spawn\index.js:26:23)
    at Object.getLatestSDKVersion (C:\Users\Wedi Ggigs\AppData\Roaming\npm\node_modules\firebase-tools\lib\deploy\functions\runtimes\node\versioning.js:55:25)
    at Object.checkFunctionsSDKVersion (C:\Users\Wedi Ggigs\AppData\Roaming\npm\node_modules\firebase-tools\lib\deploy\functions\runtimes\node\versioning.js:76:32)
    at Delegate.validate (C:\Users\Wedi Ggigs\AppData\Roaming\npm\node_modules\firebase-tools\lib\deploy\functions\runtimes\node\index.js:84:20)
    at FunctionsEmulator.discoverTriggers (C:\Users\Wedi Ggigs\AppData\Roaming\npm\node_modules\firebase-tools\lib\emulator\functionsEmulator.js:291:35)
    at async FunctionsEmulator.loadTriggers (C:\Users\Wedi Ggigs\AppData\Roaming\npm\node_modules\firebase-tools\lib\emulator\functionsEmulator.js:320:34)
[debug] [2023-02-20T16:58:36.236Z] > [functions] package.json contents: {
  "name": "functions",
  "description": "Cloud Functions for Firebase",
  "scripts": {
    "lint": "eslint .",
    "serve": "firebase emulators:start --only functions",
    "shell": "firebase functions:shell",
    "start": "npm run shell",
    "deploy": "firebase deploy --only functions",
    "logs": "firebase functions:log"
  },
  "engines": {
    "node": "16"
  },
  "main": "index.js",
  "dependencies": {
    "cors": "^2.8.5",
    "express": "^4.18.2",
    "firebase-admin": "^10.0.2",
    "firebase-functions": "^4.2.1",
    "stripe": "^11.11.0"
  },
  "devDependencies": {
    "eslint": "^8.9.0",
    "eslint-config-google": "^0.14.0",
    "firebase-functions-test": "^0.2.0"
  },
  "private": true
}
[debug] [2023-02-20T16:58:36.237Z] Building nodejs source
[debug] [2023-02-20T16:58:36.352Z] Failed to find version of module node: reached end of search path E:\amazone-clone\functions\node_modules
[warn] !  functions: Your requested "node" version "16" doesn't match your global version "18". Using node@18 from host. 
[debug] [2023-02-20T16:58:36.430Z] Could not find functions.yaml. Must use http discovery
[debug] [2023-02-20T16:58:37.913Z] Found firebase-functions binary at 'E:\amazone-clone\functions\node_modules\.bin\firebase-functions'
[debug] [2023-02-20T16:58:40.214Z] Validating nodejs source
[debug] [2023-02-20T16:58:50.288Z] checkFunctionsSDKVersion was unable to fetch information from NPM Error: spawnSync C:\WINDOWS\system32\cmd.exe ETIMEDOUT
    at Object.spawnSync (node:internal/child_process:1110:20)
    at Object.spawnSync (node:child_process:871:24)
    at Function.spawnSync [as sync] (C:\Users\Wedi Ggigs\AppData\Roaming\npm\node_modules\firebase-tools\node_modules\cross-spawn\index.js:26:23)
    at Object.getLatestSDKVersion (C:\Users\Wedi Ggigs\AppData\Roaming\npm\node_modules\firebase-tools\lib\deploy\functions\runtimes\node\versioning.js:55:25)
    at Object.checkFunctionsSDKVersion (C:\Users\Wedi Ggigs\AppData\Roaming\npm\node_modules\firebase-tools\lib\deploy\functions\runtimes\node\versioning.js:76:32)
    at Delegate.validate (C:\Users\Wedi Ggigs\AppData\Roaming\npm\node_modules\firebase-tools\lib\deploy\functions\runtimes\node\index.js:84:20)
    at FunctionsEmulator.discoverTriggers (C:\Users\Wedi Ggigs\AppData\Roaming\npm\node_modules\firebase-tools\lib\emulator\functionsEmulator.js:291:35)
    at async FunctionsEmulator.loadTriggers (C:\Users\Wedi Ggigs\AppData\Roaming\npm\node_modules\firebase-tools\lib\emulator\functionsEmulator.js:320:34)
[debug] [2023-02-20T16:58:50.290Z] > [functions] package.json contents: {
  "name": "functions",
  "description": "Cloud Functions for Firebase",
  "scripts": {
    "lint": "eslint .",
    "serve": "firebase emulators:start --only functions",
    "shell": "firebase functions:shell",
    "start": "npm run shell",
    "deploy": "firebase deploy --only functions",
    "logs": "firebase functions:log"
  },
  "engines": {
    "node": "16"
  },
  "main": "index.js",
  "dependencies": {
    "cors": "^2.8.5",
    "express": "^4.18.2",
    "firebase-admin": "^10.0.2",
    "firebase-functions": "^4.2.1",
    "stripe": "^11.11.0"
  },
  "devDependencies": {
    "eslint": "^8.9.0",
    "eslint-config-google": "^0.14.0",
    "firebase-functions-test": "^0.2.0"
  },
  "private": true
}
[debug] [2023-02-20T16:58:50.291Z] Building nodejs source
[debug] [2023-02-20T16:58:50.291Z] Failed to find version of module node: reached end of search path E:\amazone-clone\functions\node_modules
[warn] !  functions: Your requested "node" version "16" doesn't match your global version "18". Using node@18 from host. 
[debug] [2023-02-20T16:58:50.352Z] Could not find functions.yaml. Must use http discovery
[debug] [2023-02-20T16:58:51.310Z] Found firebase-functions binary at 'E:\amazone-clone\functions\node_modules\.bin\firebase-functions'
[debug] [2023-02-20T16:59:29.551Z] File E:\amazone-clone\functions\index.js changed, reloading triggers {"metadata":{"emulator":{"name":"functions"},"message":"File E:\\amazone-clone\\functions\\index.js changed, reloading triggers"}}
[error] !!  functions: Failed to load function definition from source: FetchError: request to http://localhost:8979/__/quitquitquit failed, reason: connect ECONNREFUSED ::1:8979 {"metadata":{"emulator":{"name":"functions"},"message":"Failed to load function definition from source: FetchError: request to http://localhost:8979/__/quitquitquit failed, reason: connect ECONNREFUSED ::1:8979"}}
[error] !!  functions: Failed to load function definition from source: FetchError: request to http://localhost:8839/__/quitquitquit failed, reason: connect ECONNREFUSED ::1:8839 {"metadata":{"emulator":{"name":"functions"},"message":"Failed to load function definition from source: FetchError: request to http://localhost:8839/__/quitquitquit failed, reason: connect ECONNREFUSED ::1:8839"}}
[debug] [2023-02-20T16:59:35.616Z] Validating nodejs source
[debug] [2023-02-20T16:59:53.083Z] checkFunctionsSDKVersion was unable to fetch information from NPM Error: spawnSync C:\WINDOWS\system32\cmd.exe ETIMEDOUT
    at Object.spawnSync (node:internal/child_process:1110:20)
    at Object.spawnSync (node:child_process:871:24)
    at Function.spawnSync [as sync] (C:\Users\Wedi Ggigs\AppData\Roaming\npm\node_modules\firebase-tools\node_modules\cross-spawn\index.js:26:23)
    at Object.getLatestSDKVersion (C:\Users\Wedi Ggigs\AppData\Roaming\npm\node_modules\firebase-tools\lib\deploy\functions\runtimes\node\versioning.js:55:25)
    at Object.checkFunctionsSDKVersion (C:\Users\Wedi Ggigs\AppData\Roaming\npm\node_modules\firebase-tools\lib\deploy\functions\runtimes\node\versioning.js:76:32)
    at Delegate.validate (C:\Users\Wedi Ggigs\AppData\Roaming\npm\node_modules\firebase-tools\lib\deploy\functions\runtimes\node\index.js:84:20)
    at FunctionsEmulator.discoverTriggers (C:\Users\Wedi Ggigs\AppData\Roaming\npm\node_modules\firebase-tools\lib\emulator\functionsEmulator.js:291:35)
    at async FunctionsEmulator.loadTriggers (C:\Users\Wedi Ggigs\AppData\Roaming\npm\node_modules\firebase-tools\lib\emulator\functionsEmulator.js:320:34)
[debug] [2023-02-20T16:59:53.085Z] > [functions] package.json contents: {
  "name": "functions",
  "description": "Cloud Functions for Firebase",
  "scripts": {
    "lint": "eslint .",
    "serve": "firebase emulators:start --only functions",
    "shell": "firebase functions:shell",
    "start": "npm run shell",
    "deploy": "firebase deploy --only functions",
    "logs": "firebase functions:log"
  },
  "engines": {
    "node": "16"
  },
  "main": "index.js",
  "dependencies": {
    "cors": "^2.8.5",
    "express": "^4.18.2",
    "firebase-admin": "^10.0.2",
    "firebase-functions": "^4.2.1",
    "stripe": "^11.11.0"
  },
  "devDependencies": {
    "eslint": "^8.9.0",
    "eslint-config-google": "^0.14.0",
    "firebase-functions-test": "^0.2.0"
  },
  "private": true
}
[debug] [2023-02-20T16:59:53.085Z] Building nodejs source
[debug] [2023-02-20T16:59:53.086Z] Failed to find version of module node: reached end of search path E:\amazone-clone\functions\node_modules
[warn] !  functions: Your requested "node" version "16" doesn't match your global version "18". Using node@18 from host. 
[debug] [2023-02-20T16:59:53.096Z] Could not find functions.yaml. Must use http discovery
[debug] [2023-02-20T16:59:53.185Z] Found firebase-functions binary at 'E:\amazone-clone\functions\node_modules\.bin\firebase-functions'
[debug] [2023-02-20T16:59:53.347Z] [runtime-status] [7148] Resolved module firebase-admin {"declared":true,"installed":true,"version":"10.3.0","resolution":"E:\\amazone-clone\\functions\\node_modules\\firebase-admin\\lib\\index.js"} {"metadata":{"emulator":{"name":"functions"},"function":{"name":"us-central1-api"},"extension":{},"message":"[runtime-status] [7148] Resolved module firebase-admin {\"declared\":true,\"installed\":true,\"version\":\"10.3.0\",\"resolution\":\"E:\\\\amazone-clone\\\\functions\\\\node_modules\\\\firebase-admin\\\\lib\\\\index.js\"}"}}
[debug] [2023-02-20T16:59:53.348Z] [runtime-status] [7148] Resolved module firebase-functions {"declared":true,"installed":true,"version":"4.2.1","resolution":"E:\\amazone-clone\\functions\\node_modules\\firebase-functions\\lib\\v1\\index.js"} {"metadata":{"emulator":{"name":"functions"},"function":{"name":"us-central1-api"},"extension":{},"message":"[runtime-status] [7148] Resolved module firebase-functions {\"declared\":true,\"installed\":true,\"version\":\"4.2.1\",\"resolution\":\"E:\\\\amazone-clone\\\\functions\\\\node_modules\\\\firebase-functions\\\\lib\\\\v1\\\\index.js\"}"}}
[debug] [2023-02-20T16:59:53.348Z] [runtime-status] [7148] Outgoing network have been stubbed. [{"name":"http","status":"mocked"},{"name":"http","status":"mocked"},{"name":"https","status":"mocked"},{"name":"https","status":"mocked"},{"name":"net","status":"mocked"}] {"metadata":{"emulator":{"name":"functions"},"function":{"name":"us-central1-api"},"extension":{},"message":"[runtime-status] [7148] Outgoing network have been stubbed. [{\"name\":\"http\",\"status\":\"mocked\"},{\"name\":\"http\",\"status\":\"mocked\"},{\"name\":\"https\",\"status\":\"mocked\"},{\"name\":\"https\",\"status\":\"mocked\"},{\"name\":\"net\",\"status\":\"mocked\"}]"}}
[debug] [2023-02-20T16:59:53.349Z] [runtime-status] [7148] Resolved module firebase-functions {"declared":true,"installed":true,"version":"4.2.1","resolution":"E:\\amazone-clone\\functions\\node_modules\\firebase-functions\\lib\\v1\\index.js"} {"metadata":{"emulator":{"name":"functions"},"function":{"name":"us-central1-api"},"extension":{},"message":"[runtime-status] [7148] Resolved module firebase-functions {\"declared\":true,\"installed\":true,\"version\":\"4.2.1\",\"resolution\":\"E:\\\\amazone-clone\\\\functions\\\\node_modules\\\\firebase-functions\\\\lib\\\\v1\\\\index.js\"}"}}
[debug] [2023-02-20T16:59:53.350Z] [runtime-status] [2208] Resolved module firebase-admin {"declared":true,"installed":true,"version":"10.3.0","resolution":"E:\\amazone-clone\\functions\\node_modules\\firebase-admin\\lib\\index.js"} {"metadata":{"emulator":{"name":"functions"},"function":{"name":"us-central1-api"},"extension":{},"message":"[runtime-status] [2208] Resolved module firebase-admin {\"declared\":true,\"installed\":true,\"version\":\"10.3.0\",\"resolution\":\"E:\\\\amazone-clone\\\\functions\\\\node_modules\\\\firebase-admin\\\\lib\\\\index.js\"}"}}
[debug] [2023-02-20T16:59:53.350Z] [runtime-status] [2208] Resolved module firebase-functions {"declared":true,"installed":true,"version":"4.2.1","resolution":"E:\\amazone-clone\\functions\\node_modules\\firebase-functions\\lib\\v1\\index.js"} {"metadata":{"emulator":{"name":"functions"},"function":{"name":"us-central1-api"},"extension":{},"message":"[runtime-status] [2208] Resolved module firebase-functions {\"declared\":true,\"installed\":true,\"version\":\"4.2.1\",\"resolution\":\"E:\\\\amazone-clone\\\\functions\\\\node_modules\\\\firebase-functions\\\\lib\\\\v1\\\\index.js\"}"}}
[debug] [2023-02-20T16:59:53.353Z] [runtime-status] [2208] Outgoing network have been stubbed. [{"name":"http","status":"mocked"},{"name":"http","status":"mocked"},{"name":"https","status":"mocked"},{"name":"https","status":"mocked"},{"name":"net","status":"mocked"}] {"metadata":{"emulator":{"name":"functions"},"function":{"name":"us-central1-api"},"extension":{},"message":"[runtime-status] [2208] Outgoing network have been stubbed. [{\"name\":\"http\",\"status\":\"mocked\"},{\"name\":\"http\",\"status\":\"mocked\"},{\"name\":\"https\",\"status\":\"mocked\"},{\"name\":\"https\",\"status\":\"mocked\"},{\"name\":\"net\",\"status\":\"mocked\"}]"}}
[debug] [2023-02-20T16:59:53.353Z] [runtime-status] [2208] Resolved module firebase-functions {"declared":true,"installed":true,"version":"4.2.1","resolution":"E:\\amazone-clone\\functions\\node_modules\\firebase-functions\\lib\\v1\\index.js"} {"metadata":{"emulator":{"name":"functions"},"function":{"name":"us-central1-api"},"extension":{},"message":"[runtime-status] [2208] Resolved module firebase-functions {\"declared\":true,\"installed\":true,\"version\":\"4.2.1\",\"resolution\":\"E:\\\\amazone-clone\\\\functions\\\\node_modules\\\\firebase-functions\\\\lib\\\\v1\\\\index.js\"}"}}
[debug] [2023-02-20T16:59:53.355Z] File E:\amazone-clone\functions\index.js changed, reloading triggers {"metadata":{"emulator":{"name":"functions"},"message":"File E:\\amazone-clone\\functions\\index.js changed, reloading triggers"}}
[debug] [2023-02-20T16:59:54.453Z] Validating nodejs source
[debug] [2023-02-20T17:00:04.527Z] checkFunctionsSDKVersion was unable to fetch information from NPM Error: spawnSync C:\WINDOWS\system32\cmd.exe ETIMEDOUT
    at Object.spawnSync (node:internal/child_process:1110:20)
    at Object.spawnSync (node:child_process:871:24)
    at Function.spawnSync [as sync] (C:\Users\Wedi Ggigs\AppData\Roaming\npm\node_modules\firebase-tools\node_modules\cross-spawn\index.js:26:23)
    at Object.getLatestSDKVersion (C:\Users\Wedi Ggigs\AppData\Roaming\npm\node_modules\firebase-tools\lib\deploy\functions\runtimes\node\versioning.js:55:25)
    at Object.checkFunctionsSDKVersion (C:\Users\Wedi Ggigs\AppData\Roaming\npm\node_modules\firebase-tools\lib\deploy\functions\runtimes\node\versioning.js:76:32)
    at Delegate.validate (C:\Users\Wedi Ggigs\AppData\Roaming\npm\node_modules\firebase-tools\lib\deploy\functions\runtimes\node\index.js:84:20)
    at FunctionsEmulator.discoverTriggers (C:\Users\Wedi Ggigs\AppData\Roaming\npm\node_modules\firebase-tools\lib\emulator\functionsEmulator.js:291:35)
    at async FunctionsEmulator.loadTriggers (C:\Users\Wedi Ggigs\AppData\Roaming\npm\node_modules\firebase-tools\lib\emulator\functionsEmulator.js:320:34)
[debug] [2023-02-20T17:00:04.529Z] > [functions] package.json contents: {
  "name": "functions",
  "description": "Cloud Functions for Firebase",
  "scripts": {
    "lint": "eslint .",
    "serve": "firebase emulators:start --only functions",
    "shell": "firebase functions:shell",
    "start": "npm run shell",
    "deploy": "firebase deploy --only functions",
    "logs": "firebase functions:log"
  },
  "engines": {
    "node": "16"
  },
  "main": "index.js",
  "dependencies": {
    "cors": "^2.8.5",
    "express": "^4.18.2",
    "firebase-admin": "^10.0.2",
    "firebase-functions": "^4.2.1",
    "stripe": "^11.11.0"
  },
  "devDependencies": {
    "eslint": "^8.9.0",
    "eslint-config-google": "^0.14.0",
    "firebase-functions-test": "^0.2.0"
  },
  "private": true
}
[debug] [2023-02-20T17:00:04.530Z] Building nodejs source
[debug] [2023-02-20T17:00:04.530Z] Failed to find version of module node: reached end of search path E:\amazone-clone\functions\node_modules
[warn] !  functions: Your requested "node" version "16" doesn't match your global version "18". Using node@18 from host. 
[debug] [2023-02-20T17:00:04.541Z] Could not find functions.yaml. Must use http discovery
[debug] [2023-02-20T17:00:04.602Z] Found firebase-functions binary at 'E:\amazone-clone\functions\node_modules\.bin\firebase-functions'
[debug] [2023-02-20T17:00:21.762Z] Serving at port 8189

[debug] [2023-02-20T17:00:21.764Z] Serving at port 8979

[debug] [2023-02-20T17:00:21.765Z] Serving at port 8839

[debug] [2023-02-20T17:00:21.766Z] Serving at port 8793

[debug] [2023-02-20T17:02:16.275Z] [runtime-status] [2208] Checked functions.config() {"config":{}} {"metadata":{"emulator":{"name":"functions"},"function":{"name":"us-central1-api"},"extension":{},"message":"[runtime-status] [2208] Checked functions.config() {\"config\":{}}"}}
[debug] [2023-02-20T17:02:16.293Z] [runtime-status] [7148] Checked functions.config() {"config":{}} {"metadata":{"emulator":{"name":"functions"},"function":{"name":"us-central1-api"},"extension":{},"message":"[runtime-status] [7148] Checked functions.config() {\"config\":{}}"}}
[debug] [2023-02-20T17:02:16.294Z] [runtime-status] [7148] firebase-functions has been stubbed. {"functionsResolution":{"declared":true,"installed":true,"version":"4.2.1","resolution":"E:\\amazone-clone\\functions\\node_modules\\firebase-functions\\lib\\v1\\index.js"}} {"metadata":{"emulator":{"name":"functions"},"function":{"name":"us-central1-api"},"extension":{},"message":"[runtime-status] [7148] firebase-functions has been stubbed. {\"functionsResolution\":{\"declared\":true,\"installed\":true,\"version\":\"4.2.1\",\"resolution\":\"E:\\\\amazone-clone\\\\functions\\\\node_modules\\\\firebase-functions\\\\lib\\\\v1\\\\index.js\"}}"}}
[debug] [2023-02-20T17:02:16.295Z] [runtime-status] [2208] firebase-functions has been stubbed. {"functionsResolution":{"declared":true,"installed":true,"version":"4.2.1","resolution":"E:\\amazone-clone\\functions\\node_modules\\firebase-functions\\lib\\v1\\index.js"}} {"metadata":{"emulator":{"name":"functions"},"function":{"name":"us-central1-api"},"extension":{},"message":"[runtime-status] [2208] firebase-functions has been stubbed. {\"functionsResolution\":{\"declared\":true,\"installed\":true,\"version\":\"4.2.1\",\"resolution\":\"E:\\\\amazone-clone\\\\functions\\\\node_modules\\\\firebase-functions\\\\lib\\\\v1\\\\index.js\"}}"}}
[debug] [2023-02-20T17:02:16.295Z] [runtime-status] [2208] Resolved module firebase-functions {"declared":true,"installed":true,"version":"4.2.1","resolution":"E:\\amazone-clone\\functions\\node_modules\\firebase-functions\\lib\\v1\\index.js"} {"metadata":{"emulator":{"name":"functions"},"function":{"name":"us-central1-api"},"extension":{},"message":"[runtime-status] [2208] Resolved module firebase-functions {\"declared\":true,\"installed\":true,\"version\":\"4.2.1\",\"resolution\":\"E:\\\\amazone-clone\\\\functions\\\\node_modules\\\\firebase-functions\\\\lib\\\\v1\\\\index.js\"}"}}
[debug] [2023-02-20T17:02:16.296Z] [runtime-status] [2208] Resolved module firebase-admin {"declared":true,"installed":true,"version":"10.3.0","resolution":"E:\\amazone-clone\\functions\\node_modules\\firebase-admin\\lib\\index.js"} {"metadata":{"emulator":{"name":"functions"},"function":{"name":"us-central1-api"},"extension":{},"message":"[runtime-status] [2208] Resolved module firebase-admin {\"declared\":true,\"installed\":true,\"version\":\"10.3.0\",\"resolution\":\"E:\\\\amazone-clone\\\\functions\\\\node_modules\\\\firebase-admin\\\\lib\\\\index.js\"}"}}
[debug] [2023-02-20T17:02:16.297Z] [runtime-status] [7148] Resolved module firebase-functions {"declared":true,"installed":true,"version":"4.2.1","resolution":"E:\\amazone-clone\\functions\\node_modules\\firebase-functions\\lib\\v1\\index.js"} {"metadata":{"emulator":{"name":"functions"},"function":{"name":"us-central1-api"},"extension":{},"message":"[runtime-status] [7148] Resolved module firebase-functions {\"declared\":true,\"installed\":true,\"version\":\"4.2.1\",\"resolution\":\"E:\\\\amazone-clone\\\\functions\\\\node_modules\\\\firebase-functions\\\\lib\\\\v1\\\\index.js\"}"}}
[debug] [2023-02-20T17:02:16.666Z] [runtime-status] [7148] Resolved module firebase-admin {"declared":true,"installed":true,"version":"10.3.0","resolution":"E:\\amazone-clone\\functions\\node_modules\\firebase-admin\\lib\\index.js"} {"metadata":{"emulator":{"name":"functions"},"function":{"name":"us-central1-api"},"extension":{},"message":"[runtime-status] [7148] Resolved module firebase-admin {\"declared\":true,\"installed\":true,\"version\":\"10.3.0\",\"resolution\":\"E:\\\\amazone-clone\\\\functions\\\\node_modules\\\\firebase-admin\\\\lib\\\\index.js\"}"}}
[debug] [2023-02-20T17:02:18.161Z] [runtime-status] [7148] Resolved module firebase-functions {"declared":true,"installed":true,"version":"4.2.1","resolution":"E:\\amazone-clone\\functions\\node_modules\\firebase-functions\\lib\\v1\\index.js"} {"metadata":{"emulator":{"name":"functions"},"function":{"name":"us-central1-api"},"extension":{},"message":"[runtime-status] [7148] Resolved module firebase-functions {\"declared\":true,\"installed\":true,\"version\":\"4.2.1\",\"resolution\":\"E:\\\\amazone-clone\\\\functions\\\\node_modules\\\\firebase-functions\\\\lib\\\\v1\\\\index.js\"}"}}
[debug] [2023-02-20T17:02:18.163Z] [runtime-status] [7148] firebase-admin has been stubbed. {"adminResolution":{"declared":true,"installed":true,"version":"10.3.0","resolution":"E:\\amazone-clone\\functions\\node_modules\\firebase-admin\\lib\\index.js"}} {"metadata":{"emulator":{"name":"functions"},"function":{"name":"us-central1-api"},"extension":{},"message":"[runtime-status] [7148] firebase-admin has been stubbed. {\"adminResolution\":{\"declared\":true,\"installed\":true,\"version\":\"10.3.0\",\"resolution\":\"E:\\\\amazone-clone\\\\functions\\\\node_modules\\\\firebase-admin\\\\lib\\\\index.js\"}}"}}
[debug] [2023-02-20T17:02:18.164Z] [runtime-status] [2208] Resolved module firebase-functions {"declared":true,"installed":true,"version":"4.2.1","resolution":"E:\\amazone-clone\\functions\\node_modules\\firebase-functions\\lib\\v1\\index.js"} {"metadata":{"emulator":{"name":"functions"},"function":{"name":"us-central1-api"},"extension":{},"message":"[runtime-status] [2208] Resolved module firebase-functions {\"declared\":true,\"installed\":true,\"version\":\"4.2.1\",\"resolution\":\"E:\\\\amazone-clone\\\\functions\\\\node_modules\\\\firebase-functions\\\\lib\\\\v1\\\\index.js\"}"}}
[debug] [2023-02-20T17:02:18.164Z] [runtime-status] [2208] firebase-admin has been stubbed. {"adminResolution":{"declared":true,"installed":true,"version":"10.3.0","resolution":"E:\\amazone-clone\\functions\\node_modules\\firebase-admin\\lib\\index.js"}} {"metadata":{"emulator":{"name":"functions"},"function":{"name":"us-central1-api"},"extension":{},"message":"[runtime-status] [2208] firebase-admin has been stubbed. {\"adminResolution\":{\"declared\":true,\"installed\":true,\"version\":\"10.3.0\",\"resolution\":\"E:\\\\amazone-clone\\\\functions\\\\node_modules\\\\firebase-admin\\\\lib\\\\index.js\"}}"}}
[debug] [2023-02-20T17:02:48.720Z] shutdown requested via /__/quitquitquit

[debug] [2023-02-20T17:02:48.726Z] shutdown requested via /__/quitquitquit

[debug] [2023-02-20T17:02:48.897Z] [runtime-status] [2208] Functions runtime initialized. {"cwd":"E:\\amazone-clone\\functions","node_version":"18.13.0"} {"metadata":{"emulator":{"name":"functions"},"function":{"name":"us-central1-api"},"extension":{},"message":"[runtime-status] [2208] Functions runtime initialized. {\"cwd\":\"E:\\\\amazone-clone\\\\functions\",\"node_version\":\"18.13.0\"}"}}
[debug] [2023-02-20T17:02:48.898Z] [runtime-status] [2208] Listening to port: \\?\pipe\fire_emu_5d025fea09bce003 {"metadata":{"emulator":{"name":"functions"},"function":{"name":"us-central1-api"},"extension":{},"message":"[runtime-status] [2208] Listening to port: \\\\?\\pipe\\fire_emu_5d025fea09bce003"}}
[debug] [2023-02-20T17:02:48.974Z] [runtime-status] [7148] Functions runtime initialized. {"cwd":"E:\\amazone-clone\\functions","node_version":"18.13.0"} {"metadata":{"emulator":{"name":"functions"},"function":{"name":"us-central1-api"},"extension":{},"message":"[runtime-status] [7148] Functions runtime initialized. {\"cwd\":\"E:\\\\amazone-clone\\\\functions\",\"node_version\":\"18.13.0\"}"}}
[debug] [2023-02-20T17:02:48.974Z] [runtime-status] [7148] Listening to port: \\?\pipe\fire_emu_ef6269d64087eebd {"metadata":{"emulator":{"name":"functions"},"function":{"name":"us-central1-api"},"extension":{},"message":"[runtime-status] [7148] Listening to port: \\\\?\\pipe\\fire_emu_ef6269d64087eebd"}}
[error] !!  functions: Failed to load function definition from source: FirebaseError: User code failed to load. Cannot determine backend specification {"metadata":{"emulator":{"name":"functions"},"message":"Failed to load function definition from source: FirebaseError: User code failed to load. Cannot determine backend specification"}}
[error] !!  functions: Failed to load function definition from source: FirebaseError: User code failed to load. Cannot determine backend specification {"metadata":{"emulator":{"name":"functions"},"message":"Failed to load function definition from source: FirebaseError: User code failed to load. Cannot determine backend specification"}}
[debug] [2023-02-20T17:16:42.823Z] File E:\amazone-clone\functions\index.js changed, reloading triggers {"metadata":{"emulator":{"name":"functions"},"message":"File E:\\amazone-clone\\functions\\index.js changed, reloading triggers"}}
[debug] [2023-02-20T17:16:44.903Z] File E:\amazone-clone\functions\index.js changed, reloading triggers {"metadata":{"emulator":{"name":"functions"},"message":"File E:\\amazone-clone\\functions\\index.js changed, reloading triggers"}}
[debug] [2023-02-20T17:16:48.942Z] Validating nodejs source
[debug] [2023-02-20T17:17:04.721Z] checkFunctionsSDKVersion was unable to fetch information from NPM Error: spawnSync C:\WINDOWS\system32\cmd.exe ETIMEDOUT
    at Object.spawnSync (node:internal/child_process:1110:20)
    at Object.spawnSync (node:child_process:871:24)
    at Function.spawnSync [as sync] (C:\Users\Wedi Ggigs\AppData\Roaming\npm\node_modules\firebase-tools\node_modules\cross-spawn\index.js:26:23)
    at Object.getLatestSDKVersion (C:\Users\Wedi Ggigs\AppData\Roaming\npm\node_modules\firebase-tools\lib\deploy\functions\runtimes\node\versioning.js:55:25)
    at Object.checkFunctionsSDKVersion (C:\Users\Wedi Ggigs\AppData\Roaming\npm\node_modules\firebase-tools\lib\deploy\functions\runtimes\node\versioning.js:76:32)
    at Delegate.validate (C:\Users\Wedi Ggigs\AppData\Roaming\npm\node_modules\firebase-tools\lib\deploy\functions\runtimes\node\index.js:84:20)
    at FunctionsEmulator.discoverTriggers (C:\Users\Wedi Ggigs\AppData\Roaming\npm\node_modules\firebase-tools\lib\emulator\functionsEmulator.js:291:35)
    at async FunctionsEmulator.loadTriggers (C:\Users\Wedi Ggigs\AppData\Roaming\npm\node_modules\firebase-tools\lib\emulator\functionsEmulator.js:320:34)
[debug] [2023-02-20T17:17:06.082Z] > [functions] package.json contents: {
  "name": "functions",
  "description": "Cloud Functions for Firebase",
  "scripts": {
    "lint": "eslint .",
    "serve": "firebase emulators:start --only functions",
    "shell": "firebase functions:shell",
    "start": "npm run shell",
    "deploy": "firebase deploy --only functions",
    "logs": "firebase functions:log"
  },
  "engines": {
    "node": "16"
  },
  "main": "index.js",
  "dependencies": {
    "cors": "^2.8.5",
    "express": "^4.18.2",
    "firebase-admin": "^10.0.2",
    "firebase-functions": "^4.2.1",
    "stripe": "^11.11.0"
  },
  "devDependencies": {
    "eslint": "^8.9.0",
    "eslint-config-google": "^0.14.0",
    "firebase-functions-test": "^0.2.0"
  },
  "private": true
}
[debug] [2023-02-20T17:17:06.083Z] Building nodejs source
[debug] [2023-02-20T17:17:06.780Z] Failed to find version of module node: reached end of search path E:\amazone-clone\functions\node_modules
[warn] !  functions: Your requested "node" version "16" doesn't match your global version "18". Using node@18 from host. 
[debug] [2023-02-20T17:17:08.767Z] Could not find functions.yaml. Must use http discovery
[debug] [2023-02-20T17:17:10.835Z] Found firebase-functions binary at 'E:\amazone-clone\functions\node_modules\.bin\firebase-functions'
[error] !!  functions: Failed to load function definition from source: FetchError: request to http://localhost:8450/__/quitquitquit failed, reason: connect ECONNREFUSED ::1:8450 {"metadata":{"emulator":{"name":"functions"},"message":"Failed to load function definition from source: FetchError: request to http://localhost:8450/__/quitquitquit failed, reason: connect ECONNREFUSED ::1:8450"}}
[debug] [2023-02-20T17:17:47.443Z] Serving at port 8450

[debug] [2023-02-20T17:22:25.210Z] [worker-us-central1-api-71590c6c-cb6e-4497-bff7-40c28444509b]: exited {"metadata":{"emulator":{"name":"functions"},"message":"[worker-us-central1-api-71590c6c-cb6e-4497-bff7-40c28444509b]: exited"}}
[debug] [2023-02-20T17:22:25.211Z] [worker-us-central1-api-71590c6c-cb6e-4497-bff7-40c28444509b]: FINISHED {"metadata":{"emulator":{"name":"functions"},"message":"[worker-us-central1-api-71590c6c-cb6e-4497-bff7-40c28444509b]: FINISHED"}}
[debug] [2023-02-20T17:22:28.358Z] [worker-us-central1-api-29aa0973-36bb-4edb-b4f9-f09e8710eb76]: exited {"metadata":{"emulator":{"name":"functions"},"message":"[worker-us-central1-api-29aa0973-36bb-4edb-b4f9-f09e8710eb76]: exited"}}
[debug] [2023-02-20T17:22:28.360Z] [worker-us-central1-api-29aa0973-36bb-4edb-b4f9-f09e8710eb76]: FINISHED {"metadata":{"emulator":{"name":"functions"},"message":"[worker-us-central1-api-29aa0973-36bb-4edb-b4f9-f09e8710eb76]: FINISHED"}}
[debug] [2023-02-20T17:22:32.161Z] Received signal SIGHUP 1
[info]  
[info] i  emulators: Received SIGHUP for the first time. Starting a clean shutdown. 
[info] i  emulators: Please wait for a clean shutdown or send the SIGHUP signal again to stop right now. 
[info] i  emulators: Shutting down emulators. {"metadata":{"emulator":{"name":"hub"},"message":"Shutting down emulators."}}
[info] i  ui: Stopping Emulator UI {"metadata":{"emulator":{"name":"ui"},"message":"Stopping Emulator UI"}}
[warn] !  Emulator UI has exited upon receiving signal: SIGINT 
[info] i  functions: Stopping Functions Emulator {"metadata":{"emulator":{"name":"functions"},"message":"Stopping Functions Emulator"}}
[info] i  eventarc: Stopping Eventarc Emulator {"metadata":{"emulator":{"name":"eventarc"},"message":"Stopping Eventarc Emulator"}}
[info] i  hub: Stopping emulator hub {"metadata":{"emulator":{"name":"hub"},"message":"Stopping emulator hub"}}
[info] i  logging: Stopping Logging Emulator {"metadata":{"emulator":{"name":"logging"},"message":"Stopping Logging Emulator"}}
[debug] [2023-02-20T18:51:26.240Z] ----------------------------------------------------------------------
[debug] [2023-02-20T18:51:26.297Z] Command:       C:\Program Files\nodejs\node.exe C:\Users\Wedi Ggigs\AppData\Roaming\npm\node_modules\firebase-tools\lib\bin\firebase.js init emulators
[debug] [2023-02-20T18:51:26.300Z] CLI Version:   11.22.0
[debug] [2023-02-20T18:51:26.301Z] Platform:      win32
[debug] [2023-02-20T18:51:26.302Z] Node Version:  v18.13.0
[debug] [2023-02-20T18:51:26.305Z] Time:          Mon Feb 20 2023 21:51:26 GMT+0300 (East Africa Time)
[debug] [2023-02-20T18:51:26.306Z] ----------------------------------------------------------------------
[debug] 
[debug] [2023-02-20T18:51:27.328Z] > command requires scopes: ["email","openid","https://www.googleapis.com/auth/cloudplatformprojects.readonly","https://www.googleapis.com/auth/firebase","https://www.googleapis.com/auth/cloud-platform"]
[debug] [2023-02-20T18:51:27.329Z] > authorizing via signed-in user (hailegb2021@gmail.com)
[info] 
     ######## #### ########  ######## ########     ###     ######  ########
     ##        ##  ##     ## ##       ##     ##  ##   ##  ##       ##
     ######    ##  ########  ######   ########  #########  ######  ######
     ##        ##  ##    ##  ##       ##     ## ##     ##       ## ##
     ##       #### ##     ## ######## ########  ##     ##  ######  ########

You're about to initialize a Firebase project in this directory:

  E:\amazone-clone

Before we get started, keep in mind:

  * You are initializing within an existing Firebase project directory

[debug] [2023-02-20T18:52:19.490Z] Error: Timed out.
    at Timeout._onTimeout (C:\Users\Wedi Ggigs\AppData\Roaming\npm\node_modules\firebase-tools\lib\utils.js:253:49)
    at listOnTimeout (node:internal/timers:564:17)
    at process.processTimers (node:internal/timers:507:7)
[error] 
[error] Error: An unexpected error has occurred.
